LNAL Gravity Framework - Final Combined Solver
============================================================
Loading master table...
Loaded 175 galaxies

Using combined parameters from all optimizations
This integrates:
  - Vertical disk physics
  - Galaxy-specific profiles
  - Full error model
  - Global bandwidth constraint

============================================================
FINAL OPTIMIZED PARAMETERS
============================================================
Global parameters:
  α = 0.590 (time scaling)
  C₀ = 5.800 (gas complexity)
  γ = 1.750 (gas exponent)
  δ = 0.750 (surface brightness)
  h_z/R_d = 0.300 (vertical scale)

Hyperparameters:
  Smoothness = 0.010
  Prior strength = 0.100

Error model:
  α_beam = 0.300
  β_asym = 0.200

Global normalization: λ = 0.0217
Average boost factor: 46.0×

============================================================
FINAL RESULTS
============================================================
Overall performance (175 galaxies):
  Median χ²/N = 2.856
  Mean χ²/N = 23.333
  Best χ²/N = 0.007
  Worst χ²/N = 731.852

By galaxy type:
  Dwarfs: median = 1.569 (N=59)
  Spirals: median = 3.904 (N=116)

Performance thresholds:
  χ²/N < 1.0: 28.0%
  χ²/N < 1.2: 30.9%
  χ²/N < 1.5: 36.6%
  χ²/N < 2.0: 42.9%

Saved: ledger_final_combined_examples.png

Saved: ledger_final_combined_results.pkl

FINAL COMBINED ANALYSIS COMPLETE
