This is pdfTeX, Version 3.141592653-2.6-1.40.27 (TeX Live 2025) (preloaded format=pdflatex)
 restricted \write18 enabled.
entering extended mode
(./dark-matter-galaxy-rotation.tex
LaTeX2e <2024-11-01> patch level 2
L3 programming layer <2025-01-18>
(/usr/local/texlive/2025basic/texmf-dist/tex/latex/base/article.cls
Document Class: article 2024/06/29 v1.4n Standard LaTeX document class
(/usr/local/texlive/2025basic/texmf-dist/tex/latex/base/size12.clo))
(/usr/local/texlive/2025basic/texmf-dist/tex/latex/base/inputenc.sty)
(/usr/local/texlive/2025basic/texmf-dist/tex/latex/amsmath/amsmath.sty
For additional information on amsmath, use the `?' option.
(/usr/local/texlive/2025basic/texmf-dist/tex/latex/amsmath/amstext.sty
(/usr/local/texlive/2025basic/texmf-dist/tex/latex/amsmath/amsgen.sty))
(/usr/local/texlive/2025basic/texmf-dist/tex/latex/amsmath/amsbsy.sty)
(/usr/local/texlive/2025basic/texmf-dist/tex/latex/amsmath/amsopn.sty))
(/usr/local/texlive/2025basic/texmf-dist/tex/latex/amsfonts/amsfonts.sty)
(/usr/local/texlive/2025basic/texmf-dist/tex/latex/amsfonts/amssymb.sty)
(/usr/local/texlive/2025basic/texmf-dist/tex/latex/graphics/graphicx.sty
(/usr/local/texlive/2025basic/texmf-dist/tex/latex/graphics/keyval.sty)
(/usr/local/texlive/2025basic/texmf-dist/tex/latex/graphics/graphics.sty
(/usr/local/texlive/2025basic/texmf-dist/tex/latex/graphics/trig.sty)
(/usr/local/texlive/2025basic/texmf-dist/tex/latex/graphics-cfg/graphics.cfg)
(/usr/local/texlive/2025basic/texmf-dist/tex/latex/graphics-def/pdftex.def)))
(/usr/local/texlive/2025basic/texmf-dist/tex/latex/hyperref/hyperref.sty
(/usr/local/texlive/2025basic/texmf-dist/tex/generic/iftex/iftex.sty)
(/usr/local/texlive/2025basic/texmf-dist/tex/latex/kvsetkeys/kvsetkeys.sty)
(/usr/local/texlive/2025basic/texmf-dist/tex/generic/kvdefinekeys/kvdefinekeys.
sty)
(/usr/local/texlive/2025basic/texmf-dist/tex/generic/pdfescape/pdfescape.sty
(/usr/local/texlive/2025basic/texmf-dist/tex/generic/ltxcmds/ltxcmds.sty)
(/usr/local/texlive/2025basic/texmf-dist/tex/generic/pdftexcmds/pdftexcmds.sty
(/usr/local/texlive/2025basic/texmf-dist/tex/generic/infwarerr/infwarerr.sty)))
 (/usr/local/texlive/2025basic/texmf-dist/tex/latex/hycolor/hycolor.sty)
(/usr/local/texlive/2025basic/texmf-dist/tex/latex/hyperref/nameref.sty
(/usr/local/texlive/2025basic/texmf-dist/tex/latex/refcount/refcount.sty)
(/usr/local/texlive/2025basic/texmf-dist/tex/generic/gettitlestring/gettitlestr
ing.sty
(/usr/local/texlive/2025basic/texmf-dist/tex/latex/kvoptions/kvoptions.sty)))
(/usr/local/texlive/2025basic/texmf-dist/tex/latex/etoolbox/etoolbox.sty)
(/usr/local/texlive/2025basic/texmf-dist/tex/generic/stringenc/stringenc.sty)
(/usr/local/texlive/2025basic/texmf-dist/tex/latex/hyperref/pd1enc.def)
(/usr/local/texlive/2025basic/texmf-dist/tex/generic/intcalc/intcalc.sty)
(/usr/local/texlive/2025basic/texmf-dist/tex/latex/hyperref/puenc.def)
(/usr/local/texlive/2025basic/texmf-dist/tex/latex/url/url.sty)
(/usr/local/texlive/2025basic/texmf-dist/tex/generic/bitset/bitset.sty
(/usr/local/texlive/2025basic/texmf-dist/tex/generic/bigintcalc/bigintcalc.sty)
) (/usr/local/texlive/2025basic/texmf-dist/tex/latex/base/atbegshi-ltx.sty))
(/usr/local/texlive/2025basic/texmf-dist/tex/latex/hyperref/hpdftex.def
(/usr/local/texlive/2025basic/texmf-dist/tex/latex/base/atveryend-ltx.sty)
(/usr/local/texlive/2025basic/texmf-dist/tex/latex/rerunfilecheck/rerunfilechec
k.sty
(/usr/local/texlive/2025basic/texmf-dist/tex/generic/uniquecounter/uniquecounte
r.sty)))
(/usr/local/texlive/2025basic/texmf-dist/tex/latex/booktabs/booktabs.sty)
(/usr/local/texlive/2025basic/texmf-dist/tex/latex/natbib/natbib.sty)
(/usr/local/texlive/2025basic/texmf-dist/tex/latex/listings/listings.sty
(/usr/local/texlive/2025basic/texmf-dist/tex/latex/listings/lstpatch.sty)
(/usr/local/texlive/2025basic/texmf-dist/tex/latex/listings/lstmisc.sty)
(/usr/local/texlive/2025basic/texmf-dist/tex/latex/listings/listings.cfg))
(/usr/local/texlive/2025basic/texmf-dist/tex/latex/tools/verbatim.sty)
(/usr/local/texlive/2025basic/texmf-dist/tex/latex/l3backend/l3backend-pdftex.d
ef)
No file dark-matter-galaxy-rotation.aux.
(/usr/local/texlive/2025basic/texmf-dist/tex/context/base/mkii/supp-pdf.mkii
[Loading MPS to PDF converter (version 2006.09.02).]
)
(/usr/local/texlive/2025basic/texmf-dist/tex/latex/epstopdf-pkg/epstopdf-base.s
ty
(/usr/local/texlive/2025basic/texmf-dist/tex/latex/latexconfig/epstopdf-sys.cfg
)) (/usr/local/texlive/2025basic/texmf-dist/tex/latex/amsfonts/umsa.fd)
(/usr/local/texlive/2025basic/texmf-dist/tex/latex/amsfonts/umsb.fd)
Overfull \hbox (7.25693pt too wide) in paragraph at lines 31--32
[]\OT1/cmr/m/n/10.95 Using a fully re-pro-ducible Python pipeline on the 127-ga
laxy SPARC

Package natbib Warning: Citation `rubin1970' on page 1 undefined on input line 
40.


Package natbib Warning: Citation `bosma1981' on page 1 undefined on input line 
40.


Package natbib Warning: Citation `bullock2017' on page 1 undefined on input lin
e 40.


Package natbib Warning: Citation `boylan2013' on page 1 undefined on input line
 40.


[1{/usr/local/texlive/2025basic/texmf-var/fonts/map/pdftex/updmap/pdftex.map}]

Package natbib Warning: Citation `milgrom1983' on page 2 undefined on input lin
e 42.


Package natbib Warning: Citation `famaey2012' on page 2 undefined on input line
 42.


Package natbib Warning: Citation `verlinde2011' on page 2 undefined on input li
ne 44.


Package natbib Warning: Citation `verlinde2017' on page 2 undefined on input li
ne 44.


Overfull \hbox (4.64798pt too wide) in paragraph at lines 50--51
\OT1/cmr/m/n/12 where $\OML/cmm/m/it/12 w\OT1/cmr/m/n/12 (\OML/cmm/m/it/12 r\OT
1/cmr/m/n/12 )$ is a di-men-sion-less weight func-tion en-cod-ing information-p
rocessing

[2]
Overfull \hbox (1.1766pt too wide) in paragraph at lines 64--65
[]\OT1/cmr/m/n/12 Most im-por-tantly, ILG is de-signed as a fal-si-fi-able phe-
nomeno-log-i-cal frame-

Overfull \hbox (22.61972pt too wide) in paragraph at lines 72--72
[]\OT1/cmr/bx/n/17.28 Phenomenological Information-Limited Grav-

[3]
Overfull \hbox (0.97127pt too wide) in paragraph at lines 104--105
[]\OT1/cmr/m/n/12 The re-fresh lag $^^A\OML/cmm/m/it/12 t[]$ \OT1/cmr/m/n/12 tr
ans-lates to the recog-ni-tion weight $\OML/cmm/m/it/12 w\OT1/cmr/m/n/12 (\OML/
cmm/m/it/12 r\OT1/cmr/m/n/12 ) \OMS/cmsy/m/n/12 / \OT1/cmr/m/n/12 (\OML/cmm/m/i
t/12 T[]=^^\[]\OT1/cmr/m/n/12 )[]$,

[4]
Overfull \hbox (12.01408pt too wide) in paragraph at lines 108--109
\OT1/cmr/m/n/12 func-tion $\OML/cmm/m/it/12 w\OT1/cmr/m/n/12 (\OML/cmm/m/it/12 
r\OT1/cmr/m/n/12 )$, which mod-i-fies the ef-fec-tive grav-i-ta-tional ac-cel-e
r-a-tion as $\OML/cmm/m/it/12 a[]\OT1/cmr/m/n/12 (\OML/cmm/m/it/12 r\OT1/cmr/m/
n/12 ) =

Overfull \hbox (0.4729pt too wide) in paragraph at lines 131--132
[]\OT1/cmr/bx/n/12 Vertical cor-rec-tion $\OML/cmm/m/it/12 ^^P\OT1/cmr/m/n/12 (
\OML/cmm/m/it/12 r\OT1/cmr/m/n/12 )$: Global disk-thickness cor-rec-tion with $
\OML/cmm/m/it/12 h[]=R[] \OT1/cmr/m/n/12 =

Overfull \hbox (156.73672pt too wide) in paragraph at lines 137--154
 [][] 

LaTeX Warning: `h' float specifier changed to `ht'.


[5]

LaTeX Warning: Reference `tab:mond_compare' on page 6 undefined on input line 1
70.


Overfull \hbox (18.66446pt too wide) in paragraph at lines 176--186
 [][] 

LaTeX Warning: `h' float specifier changed to `ht'.


[6]
Overfull \hbox (16.15411pt too wide) in paragraph at lines 211--212
\OT1/cmr/m/n/12 men-ta-tion, the code is avail-able at []https://github.com/jon
washburn/darkmatter[]

Overfull \hbox (66.95023pt too wide) in paragraph at lines 215--215
[]\OT1/cmtt/m/n/12 docker run --rm ilg-validation python ledger_final_combined.
py --mode=pure[] 

[7]

LaTeX Warning: Reference `tab:filesizes' on page 8 undefined on input line 217.



LaTeX Warning: Reference `tab:residuals' on page 8 undefined on input line 236.



Overfull \hbox (54.06789pt too wide) in paragraph at lines 272--273
[]\OT1/cmr/m/n/12 The \OT1/cmtt/m/n/12 build[]sparc[]master[]table.py \OT1/cmr/
m/n/12 script loads ro-ta-tion curve files (\OT1/cmtt/m/n/12 *.rotmod.dat\OT1/c
mr/m/n/12 )

[8]
Overfull \hbox (23.13985pt too wide) in paragraph at lines 288--289
[]\OT1/cmr/m/n/12 Reproducibility is en-sured through pinned de-pen-den-cies (\
OT1/cmtt/m/n/12 requirements.txt\OT1/cmr/m/n/12 ),

Package natbib Warning: Citation `lelli2016sparc' on page 9 undefined on input 
line 290.


Overfull \hbox (43.38515pt too wide) in paragraph at lines 296--297
[]\OT1/cmtt/m/n/12 scripts/ilg[]pure[]solver.py\OT1/cmr/m/n/12 : runs the ILG v
ari-ants and writes summary/per-

Overfull \hbox (99.38876pt too wide) in paragraph at lines 298--299
[]\OT1/cmr/m/n/12 Key out-puts: \OT1/cmtt/m/n/12 results/bench[]global[]summary
.csv\OT1/cmr/m/n/12 , \OT1/cmtt/m/n/12 results/bench[]rs[]per[]galaxy.csv\OT1/c
mr/m/n/12 ,

[9]
Underfull \hbox (badness 10000) in paragraph at lines 316--316
[]\OT1/cmr/m/n/12 Table 6: []Global-only bench-mark (no per-galaxy tun-ing).

Underfull \hbox (badness 6641) in paragraph at lines 316--316
\OT1/cmr/m/n/12 Shared con-straints: sin-gle global stel-lar M/L=1.0; iden-ti-c
al er-

Underfull \hbox (badness 10000) in paragraph at lines 316--316
\OT1/cmr/m/n/12 ror model and beam mask; same SPARC mas-ter ta-ble and

Underfull \hbox (badness 4416) in paragraph at lines 316--316
\OT1/cmr/m/n/12 masks. Val-ues cor-re-spond to \OT1/cmtt/m/n/12 results/bench[]
global[]summary.csv\OT1/cmr/m/n/12 .

Underfull \hbox (badness 10000) in paragraph at lines 316--316
\OT1/cmr/m/n/12 Per-galaxy rows: \OT1/cmtt/m/n/12 results/bench[]rs[]per[]galax
y.csv\OT1/cmr/m/n/12 ,

LaTeX Warning: Reference `tab:examples' on page 10 undefined on input line 330.



[10]
Overfull \hbox (7.79001pt too wide) in paragraph at lines 350--354
[]\OT1/cmr/m/n/12 Second, we con-firm code pu-rity through ded-i-cated tests in
 \OT1/cmtt/m/n/12 test[]purity.py\OT1/cmr/m/n/12 .

Overfull \hbox (5.47578pt too wide) in paragraph at lines 359--359
[]\OT1/cmr/bx/n/17.28 Outlook: Rel-a-tivis-tic Com-ple-tion (Prospec-

Overfull \hbox (24.37903pt too wide) in paragraph at lines 367--368
\OT1/cmr/m/n/12 The re-sults pre-sented in Sec-tion 4 pro-vide com-pelling ev-i
-dence for the information-

[11]

LaTeX Warning: Reference `tab:comparison' on page 12 undefined on input line 37
3.


[12]
[13]
[14]

Package hyperref Warning: Token not allowed in a PDF string (Unicode):
(hyperref)                removing `math shift' on input line 434.


Package hyperref Warning: Token not allowed in a PDF string (Unicode):
(hyperref)                removing `math shift' on input line 434.


[15]
[16]
[17]
[18]
[19]
[20]
[21]
[22]
[23]
[24]

Package natbib Warning: There were undefined citations.


[25
pdfTeX warning (ext4): destination with the same identifier (name{cite.li2018})
 has been already used, duplicate ignored
<argument> ...shipout:D \box_use:N \l_shipout_box 
                                                  \__shipout_drop_firstpage_...
l.704 \end{document}
                    ] (./dark-matter-galaxy-rotation.aux

Package natbib Warning: Citation(s) may have changed.
(natbib)                Rerun to get citations correct.


! Package natbib Error: Bibliography not compatible with author-year citations.

(natbib)                Press <return> to continue in numerical citation style.


See the natbib package documentation for explanation.
Type  H <return>  for immediate help.
 ...                                              
                                                  
l.157 ...and\NAT@force@numbers{}\NAT@force@numbers
                                                  
!  ==> Fatal error occurred, no output PDF file produced!
Transcript written on dark-matter-galaxy-rotation.log.
This is pdfTeX, Version 3.141592653-2.6-1.40.27 (TeX Live 2025) (preloaded format=pdflatex)
 restricted \write18 enabled.
entering extended mode
(./dark-matter-galaxy-rotation.tex
LaTeX2e <2024-11-01> patch level 2
L3 programming layer <2025-01-18>
(/usr/local/texlive/2025basic/texmf-dist/tex/latex/base/article.cls
Document Class: article 2024/06/29 v1.4n Standard LaTeX document class
(/usr/local/texlive/2025basic/texmf-dist/tex/latex/base/size12.clo))
(/usr/local/texlive/2025basic/texmf-dist/tex/latex/base/inputenc.sty)
(/usr/local/texlive/2025basic/texmf-dist/tex/latex/amsmath/amsmath.sty
For additional information on amsmath, use the `?' option.
(/usr/local/texlive/2025basic/texmf-dist/tex/latex/amsmath/amstext.sty
(/usr/local/texlive/2025basic/texmf-dist/tex/latex/amsmath/amsgen.sty))
(/usr/local/texlive/2025basic/texmf-dist/tex/latex/amsmath/amsbsy.sty)
(/usr/local/texlive/2025basic/texmf-dist/tex/latex/amsmath/amsopn.sty))
(/usr/local/texlive/2025basic/texmf-dist/tex/latex/amsfonts/amsfonts.sty)
(/usr/local/texlive/2025basic/texmf-dist/tex/latex/amsfonts/amssymb.sty)
(/usr/local/texlive/2025basic/texmf-dist/tex/latex/graphics/graphicx.sty
(/usr/local/texlive/2025basic/texmf-dist/tex/latex/graphics/keyval.sty)
(/usr/local/texlive/2025basic/texmf-dist/tex/latex/graphics/graphics.sty
(/usr/local/texlive/2025basic/texmf-dist/tex/latex/graphics/trig.sty)
(/usr/local/texlive/2025basic/texmf-dist/tex/latex/graphics-cfg/graphics.cfg)
(/usr/local/texlive/2025basic/texmf-dist/tex/latex/graphics-def/pdftex.def)))
(/usr/local/texlive/2025basic/texmf-dist/tex/latex/hyperref/hyperref.sty
(/usr/local/texlive/2025basic/texmf-dist/tex/generic/iftex/iftex.sty)
(/usr/local/texlive/2025basic/texmf-dist/tex/latex/kvsetkeys/kvsetkeys.sty)
(/usr/local/texlive/2025basic/texmf-dist/tex/generic/kvdefinekeys/kvdefinekeys.
sty)
(/usr/local/texlive/2025basic/texmf-dist/tex/generic/pdfescape/pdfescape.sty
(/usr/local/texlive/2025basic/texmf-dist/tex/generic/ltxcmds/ltxcmds.sty)
(/usr/local/texlive/2025basic/texmf-dist/tex/generic/pdftexcmds/pdftexcmds.sty
(/usr/local/texlive/2025basic/texmf-dist/tex/generic/infwarerr/infwarerr.sty)))
 (/usr/local/texlive/2025basic/texmf-dist/tex/latex/hycolor/hycolor.sty)
(/usr/local/texlive/2025basic/texmf-dist/tex/latex/hyperref/nameref.sty
(/usr/local/texlive/2025basic/texmf-dist/tex/latex/refcount/refcount.sty)
(/usr/local/texlive/2025basic/texmf-dist/tex/generic/gettitlestring/gettitlestr
ing.sty
(/usr/local/texlive/2025basic/texmf-dist/tex/latex/kvoptions/kvoptions.sty)))
(/usr/local/texlive/2025basic/texmf-dist/tex/latex/etoolbox/etoolbox.sty)
(/usr/local/texlive/2025basic/texmf-dist/tex/generic/stringenc/stringenc.sty)
(/usr/local/texlive/2025basic/texmf-dist/tex/latex/hyperref/pd1enc.def)
(/usr/local/texlive/2025basic/texmf-dist/tex/generic/intcalc/intcalc.sty)
(/usr/local/texlive/2025basic/texmf-dist/tex/latex/hyperref/puenc.def)
(/usr/local/texlive/2025basic/texmf-dist/tex/latex/url/url.sty)
(/usr/local/texlive/2025basic/texmf-dist/tex/generic/bitset/bitset.sty
(/usr/local/texlive/2025basic/texmf-dist/tex/generic/bigintcalc/bigintcalc.sty)
) (/usr/local/texlive/2025basic/texmf-dist/tex/latex/base/atbegshi-ltx.sty))
(/usr/local/texlive/2025basic/texmf-dist/tex/latex/hyperref/hpdftex.def
(/usr/local/texlive/2025basic/texmf-dist/tex/latex/base/atveryend-ltx.sty)
(/usr/local/texlive/2025basic/texmf-dist/tex/latex/rerunfilecheck/rerunfilechec
k.sty
(/usr/local/texlive/2025basic/texmf-dist/tex/generic/uniquecounter/uniquecounte
r.sty)))
(/usr/local/texlive/2025basic/texmf-dist/tex/latex/booktabs/booktabs.sty)
(/usr/local/texlive/2025basic/texmf-dist/tex/latex/natbib/natbib.sty)
(/usr/local/texlive/2025basic/texmf-dist/tex/latex/listings/listings.sty
(/usr/local/texlive/2025basic/texmf-dist/tex/latex/listings/lstpatch.sty)
(/usr/local/texlive/2025basic/texmf-dist/tex/latex/listings/lstmisc.sty)
(/usr/local/texlive/2025basic/texmf-dist/tex/latex/listings/listings.cfg))
(/usr/local/texlive/2025basic/texmf-dist/tex/latex/tools/verbatim.sty)
(/usr/local/texlive/2025basic/texmf-dist/tex/latex/l3backend/l3backend-pdftex.d
ef) (./dark-matter-galaxy-rotation.aux

Package natbib Warning: Citation `li2018' multiply defined.


! Package natbib Error: Bibliography not compatible with author-year citations.

(natbib)                Press <return> to continue in numerical citation style.


See the natbib package documentation for explanation.
Type  H <return>  for immediate help.
 ...                                              
                                                  
l.157 ...and\NAT@force@numbers{}\NAT@force@numbers
                                                  
!  ==> Fatal error occurred, no output PDF file produced!
Transcript written on dark-matter-galaxy-rotation.log.
This is pdfTeX, Version 3.141592653-2.6-1.40.27 (TeX Live 2025) (preloaded format=pdflatex)
 restricted \write18 enabled.
entering extended mode
(./dark-matter-galaxy-rotation.tex
LaTeX2e <2024-11-01> patch level 2
L3 programming layer <2025-01-18>
(/usr/local/texlive/2025basic/texmf-dist/tex/latex/base/article.cls
Document Class: article 2024/06/29 v1.4n Standard LaTeX document class
(/usr/local/texlive/2025basic/texmf-dist/tex/latex/base/size12.clo))
(/usr/local/texlive/2025basic/texmf-dist/tex/latex/base/inputenc.sty)
(/usr/local/texlive/2025basic/texmf-dist/tex/latex/amsmath/amsmath.sty
For additional information on amsmath, use the `?' option.
(/usr/local/texlive/2025basic/texmf-dist/tex/latex/amsmath/amstext.sty
(/usr/local/texlive/2025basic/texmf-dist/tex/latex/amsmath/amsgen.sty))
(/usr/local/texlive/2025basic/texmf-dist/tex/latex/amsmath/amsbsy.sty)
(/usr/local/texlive/2025basic/texmf-dist/tex/latex/amsmath/amsopn.sty))
(/usr/local/texlive/2025basic/texmf-dist/tex/latex/amsfonts/amsfonts.sty)
(/usr/local/texlive/2025basic/texmf-dist/tex/latex/amsfonts/amssymb.sty)
(/usr/local/texlive/2025basic/texmf-dist/tex/latex/graphics/graphicx.sty
(/usr/local/texlive/2025basic/texmf-dist/tex/latex/graphics/keyval.sty)
(/usr/local/texlive/2025basic/texmf-dist/tex/latex/graphics/graphics.sty
(/usr/local/texlive/2025basic/texmf-dist/tex/latex/graphics/trig.sty)
(/usr/local/texlive/2025basic/texmf-dist/tex/latex/graphics-cfg/graphics.cfg)
(/usr/local/texlive/2025basic/texmf-dist/tex/latex/graphics-def/pdftex.def)))
(/usr/local/texlive/2025basic/texmf-dist/tex/latex/hyperref/hyperref.sty
(/usr/local/texlive/2025basic/texmf-dist/tex/generic/iftex/iftex.sty)
(/usr/local/texlive/2025basic/texmf-dist/tex/latex/kvsetkeys/kvsetkeys.sty)
(/usr/local/texlive/2025basic/texmf-dist/tex/generic/kvdefinekeys/kvdefinekeys.
sty)
(/usr/local/texlive/2025basic/texmf-dist/tex/generic/pdfescape/pdfescape.sty
(/usr/local/texlive/2025basic/texmf-dist/tex/generic/ltxcmds/ltxcmds.sty)
(/usr/local/texlive/2025basic/texmf-dist/tex/generic/pdftexcmds/pdftexcmds.sty
(/usr/local/texlive/2025basic/texmf-dist/tex/generic/infwarerr/infwarerr.sty)))
 (/usr/local/texlive/2025basic/texmf-dist/tex/latex/hycolor/hycolor.sty)
(/usr/local/texlive/2025basic/texmf-dist/tex/latex/hyperref/nameref.sty
(/usr/local/texlive/2025basic/texmf-dist/tex/latex/refcount/refcount.sty)
(/usr/local/texlive/2025basic/texmf-dist/tex/generic/gettitlestring/gettitlestr
ing.sty
(/usr/local/texlive/2025basic/texmf-dist/tex/latex/kvoptions/kvoptions.sty)))
(/usr/local/texlive/2025basic/texmf-dist/tex/latex/etoolbox/etoolbox.sty)
(/usr/local/texlive/2025basic/texmf-dist/tex/generic/stringenc/stringenc.sty)
(/usr/local/texlive/2025basic/texmf-dist/tex/latex/hyperref/pd1enc.def)
(/usr/local/texlive/2025basic/texmf-dist/tex/generic/intcalc/intcalc.sty)
(/usr/local/texlive/2025basic/texmf-dist/tex/latex/hyperref/puenc.def)
(/usr/local/texlive/2025basic/texmf-dist/tex/latex/url/url.sty)
(/usr/local/texlive/2025basic/texmf-dist/tex/generic/bitset/bitset.sty
(/usr/local/texlive/2025basic/texmf-dist/tex/generic/bigintcalc/bigintcalc.sty)
) (/usr/local/texlive/2025basic/texmf-dist/tex/latex/base/atbegshi-ltx.sty))
(/usr/local/texlive/2025basic/texmf-dist/tex/latex/hyperref/hpdftex.def
(/usr/local/texlive/2025basic/texmf-dist/tex/latex/base/atveryend-ltx.sty)
(/usr/local/texlive/2025basic/texmf-dist/tex/latex/rerunfilecheck/rerunfilechec
k.sty
(/usr/local/texlive/2025basic/texmf-dist/tex/generic/uniquecounter/uniquecounte
r.sty)))
(/usr/local/texlive/2025basic/texmf-dist/tex/latex/booktabs/booktabs.sty)
(/usr/local/texlive/2025basic/texmf-dist/tex/latex/natbib/natbib.sty)
(/usr/local/texlive/2025basic/texmf-dist/tex/latex/listings/listings.sty
(/usr/local/texlive/2025basic/texmf-dist/tex/latex/listings/lstpatch.sty)
(/usr/local/texlive/2025basic/texmf-dist/tex/latex/listings/lstmisc.sty)
(/usr/local/texlive/2025basic/texmf-dist/tex/latex/listings/listings.cfg))
(/usr/local/texlive/2025basic/texmf-dist/tex/latex/tools/verbatim.sty)
(/usr/local/texlive/2025basic/texmf-dist/tex/latex/l3backend/l3backend-pdftex.d
ef) (./dark-matter-galaxy-rotation.aux

Package natbib Warning: Citation `li2018' multiply defined.


! Package natbib Error: Bibliography not compatible with author-year citations.

(natbib)                Press <return> to continue in numerical citation style.


See the natbib package documentation for explanation.
Type  H <return>  for immediate help.
 ...                                              
                                                  
l.157 ...and\NAT@force@numbers{}\NAT@force@numbers
                                                  
!  ==> Fatal error occurred, no output PDF file produced!
Transcript written on dark-matter-galaxy-rotation.log.
This is pdfTeX, Version 3.141592653-2.6-1.40.27 (TeX Live 2025) (preloaded format=pdflatex)
 restricted \write18 enabled.
entering extended mode
(./dark-matter-galaxy-rotation.tex
LaTeX2e <2024-11-01> patch level 2
L3 programming layer <2025-01-18>
(/usr/local/texlive/2025basic/texmf-dist/tex/latex/base/article.cls
Document Class: article 2024/06/29 v1.4n Standard LaTeX document class
(/usr/local/texlive/2025basic/texmf-dist/tex/latex/base/size12.clo))
(/usr/local/texlive/2025basic/texmf-dist/tex/latex/base/inputenc.sty)
(/usr/local/texlive/2025basic/texmf-dist/tex/latex/amsmath/amsmath.sty
For additional information on amsmath, use the `?' option.
(/usr/local/texlive/2025basic/texmf-dist/tex/latex/amsmath/amstext.sty
(/usr/local/texlive/2025basic/texmf-dist/tex/latex/amsmath/amsgen.sty))
(/usr/local/texlive/2025basic/texmf-dist/tex/latex/amsmath/amsbsy.sty)
(/usr/local/texlive/2025basic/texmf-dist/tex/latex/amsmath/amsopn.sty))
(/usr/local/texlive/2025basic/texmf-dist/tex/latex/amsfonts/amsfonts.sty)
(/usr/local/texlive/2025basic/texmf-dist/tex/latex/amsfonts/amssymb.sty)
(/usr/local/texlive/2025basic/texmf-dist/tex/latex/graphics/graphicx.sty
(/usr/local/texlive/2025basic/texmf-dist/tex/latex/graphics/keyval.sty)
(/usr/local/texlive/2025basic/texmf-dist/tex/latex/graphics/graphics.sty
(/usr/local/texlive/2025basic/texmf-dist/tex/latex/graphics/trig.sty)
(/usr/local/texlive/2025basic/texmf-dist/tex/latex/graphics-cfg/graphics.cfg)
(/usr/local/texlive/2025basic/texmf-dist/tex/latex/graphics-def/pdftex.def)))
(/usr/local/texlive/2025basic/texmf-dist/tex/latex/hyperref/hyperref.sty
(/usr/local/texlive/2025basic/texmf-dist/tex/generic/iftex/iftex.sty)
(/usr/local/texlive/2025basic/texmf-dist/tex/latex/kvsetkeys/kvsetkeys.sty)
(/usr/local/texlive/2025basic/texmf-dist/tex/generic/kvdefinekeys/kvdefinekeys.
sty)
(/usr/local/texlive/2025basic/texmf-dist/tex/generic/pdfescape/pdfescape.sty
(/usr/local/texlive/2025basic/texmf-dist/tex/generic/ltxcmds/ltxcmds.sty)
(/usr/local/texlive/2025basic/texmf-dist/tex/generic/pdftexcmds/pdftexcmds.sty
(/usr/local/texlive/2025basic/texmf-dist/tex/generic/infwarerr/infwarerr.sty)))
 (/usr/local/texlive/2025basic/texmf-dist/tex/latex/hycolor/hycolor.sty)
(/usr/local/texlive/2025basic/texmf-dist/tex/latex/hyperref/nameref.sty
(/usr/local/texlive/2025basic/texmf-dist/tex/latex/refcount/refcount.sty)
(/usr/local/texlive/2025basic/texmf-dist/tex/generic/gettitlestring/gettitlestr
ing.sty
(/usr/local/texlive/2025basic/texmf-dist/tex/latex/kvoptions/kvoptions.sty)))
(/usr/local/texlive/2025basic/texmf-dist/tex/latex/etoolbox/etoolbox.sty)
(/usr/local/texlive/2025basic/texmf-dist/tex/generic/stringenc/stringenc.sty)
(/usr/local/texlive/2025basic/texmf-dist/tex/latex/hyperref/pd1enc.def)
(/usr/local/texlive/2025basic/texmf-dist/tex/generic/intcalc/intcalc.sty)
(/usr/local/texlive/2025basic/texmf-dist/tex/latex/hyperref/puenc.def)
(/usr/local/texlive/2025basic/texmf-dist/tex/latex/url/url.sty)
(/usr/local/texlive/2025basic/texmf-dist/tex/generic/bitset/bitset.sty
(/usr/local/texlive/2025basic/texmf-dist/tex/generic/bigintcalc/bigintcalc.sty)
) (/usr/local/texlive/2025basic/texmf-dist/tex/latex/base/atbegshi-ltx.sty))
(/usr/local/texlive/2025basic/texmf-dist/tex/latex/hyperref/hpdftex.def
(/usr/local/texlive/2025basic/texmf-dist/tex/latex/base/atveryend-ltx.sty)
(/usr/local/texlive/2025basic/texmf-dist/tex/latex/rerunfilecheck/rerunfilechec
k.sty
(/usr/local/texlive/2025basic/texmf-dist/tex/generic/uniquecounter/uniquecounte
r.sty)))
(/usr/local/texlive/2025basic/texmf-dist/tex/latex/booktabs/booktabs.sty)
(/usr/local/texlive/2025basic/texmf-dist/tex/latex/natbib/natbib.sty)
(/usr/local/texlive/2025basic/texmf-dist/tex/latex/listings/listings.sty
(/usr/local/texlive/2025basic/texmf-dist/tex/latex/listings/lstpatch.sty)
(/usr/local/texlive/2025basic/texmf-dist/tex/latex/listings/lstmisc.sty)
(/usr/local/texlive/2025basic/texmf-dist/tex/latex/listings/listings.cfg))
(/usr/local/texlive/2025basic/texmf-dist/tex/latex/tools/verbatim.sty)
(/usr/local/texlive/2025basic/texmf-dist/tex/latex/l3backend/l3backend-pdftex.d
ef) (./dark-matter-galaxy-rotation.aux

Package natbib Warning: Citation `li2018' multiply defined.

) (/usr/local/texlive/2025basic/texmf-dist/tex/context/base/mkii/supp-pdf.mkii
[Loading MPS to PDF converter (version 2006.09.02).]
)
(/usr/local/texlive/2025basic/texmf-dist/tex/latex/epstopdf-pkg/epstopdf-base.s
ty
(/usr/local/texlive/2025basic/texmf-dist/tex/latex/latexconfig/epstopdf-sys.cfg
)) (./dark-matter-galaxy-rotation.out) (./dark-matter-galaxy-rotation.out)
(/usr/local/texlive/2025basic/texmf-dist/tex/latex/amsfonts/umsa.fd)
(/usr/local/texlive/2025basic/texmf-dist/tex/latex/amsfonts/umsb.fd)
Overfull \hbox (7.25693pt too wide) in paragraph at lines 31--32
[]\OT1/cmr/m/n/10.95 Using a fully re-pro-ducible Python pipeline on the 127-ga
laxy SPARC

[1{/usr/local/texlive/2025basic/texmf-var/fonts/map/pdftex/updmap/pdftex.map}]
Overfull \hbox (4.64798pt too wide) in paragraph at lines 50--51
\OT1/cmr/m/n/12 where $\OML/cmm/m/it/12 w\OT1/cmr/m/n/12 (\OML/cmm/m/it/12 r\OT
1/cmr/m/n/12 )$ is a di-men-sion-less weight func-tion en-cod-ing information-p
rocessing

[2]
Overfull \hbox (1.1766pt too wide) in paragraph at lines 64--65
[]\OT1/cmr/m/n/12 Most im-por-tantly, ILG is de-signed as a fal-si-fi-able phe-
nomeno-log-i-cal frame-

Overfull \hbox (22.61972pt too wide) in paragraph at lines 72--72
[]\OT1/cmr/bx/n/17.28 Phenomenological Information-Limited Grav-

[3]
Overfull \hbox (0.97127pt too wide) in paragraph at lines 104--105
[]\OT1/cmr/m/n/12 The re-fresh lag $^^A\OML/cmm/m/it/12 t[]$ \OT1/cmr/m/n/12 tr
ans-lates to the recog-ni-tion weight $\OML/cmm/m/it/12 w\OT1/cmr/m/n/12 (\OML/
cmm/m/it/12 r\OT1/cmr/m/n/12 ) \OMS/cmsy/m/n/12 / \OT1/cmr/m/n/12 (\OML/cmm/m/i
t/12 T[]=^^\[]\OT1/cmr/m/n/12 )[]$,

[4]
Overfull \hbox (12.01408pt too wide) in paragraph at lines 108--109
\OT1/cmr/m/n/12 func-tion $\OML/cmm/m/it/12 w\OT1/cmr/m/n/12 (\OML/cmm/m/it/12 
r\OT1/cmr/m/n/12 )$, which mod-i-fies the ef-fec-tive grav-i-ta-tional ac-cel-e
r-a-tion as $\OML/cmm/m/it/12 a[]\OT1/cmr/m/n/12 (\OML/cmm/m/it/12 r\OT1/cmr/m/
n/12 ) =

Overfull \hbox (0.4729pt too wide) in paragraph at lines 131--132
[]\OT1/cmr/bx/n/12 Vertical cor-rec-tion $\OML/cmm/m/it/12 ^^P\OT1/cmr/m/n/12 (
\OML/cmm/m/it/12 r\OT1/cmr/m/n/12 )$: Global disk-thickness cor-rec-tion with $
\OML/cmm/m/it/12 h[]=R[] \OT1/cmr/m/n/12 =

Overfull \hbox (156.73672pt too wide) in paragraph at lines 137--154
 [][] 

LaTeX Warning: `h' float specifier changed to `ht'.


[5]
Overfull \hbox (18.66446pt too wide) in paragraph at lines 176--186
 [][] 

LaTeX Warning: `h' float specifier changed to `ht'.


[6]
Overfull \hbox (16.15411pt too wide) in paragraph at lines 211--212
\OT1/cmr/m/n/12 men-ta-tion, the code is avail-able at []https://github.com/jon
washburn/darkmatter[]

Overfull \hbox (66.95023pt too wide) in paragraph at lines 215--215
[]\OT1/cmtt/m/n/12 docker run --rm ilg-validation python ledger_final_combined.
py --mode=pure[] 

[7]

LaTeX Warning: Reference `tab:filesizes' on page 8 undefined on input line 217.



Overfull \hbox (54.06789pt too wide) in paragraph at lines 272--273
[]\OT1/cmr/m/n/12 The \OT1/cmtt/m/n/12 build[]sparc[]master[]table.py \OT1/cmr/
m/n/12 script loads ro-ta-tion curve files (\OT1/cmtt/m/n/12 *.rotmod.dat\OT1/c
mr/m/n/12 )

[8]
Overfull \hbox (23.13985pt too wide) in paragraph at lines 288--289
[]\OT1/cmr/m/n/12 Reproducibility is en-sured through pinned de-pen-den-cies (\
OT1/cmtt/m/n/12 requirements.txt\OT1/cmr/m/n/12 ),

Overfull \hbox (43.38515pt too wide) in paragraph at lines 296--297
[]\OT1/cmtt/m/n/12 scripts/ilg[]pure[]solver.py\OT1/cmr/m/n/12 : runs the ILG v
ari-ants and writes summary/per-

Overfull \hbox (99.38876pt too wide) in paragraph at lines 298--299
[]\OT1/cmr/m/n/12 Key out-puts: \OT1/cmtt/m/n/12 results/bench[]global[]summary
.csv\OT1/cmr/m/n/12 , \OT1/cmtt/m/n/12 results/bench[]rs[]per[]galaxy.csv\OT1/c
mr/m/n/12 ,

[9]
Underfull \hbox (badness 10000) in paragraph at lines 316--316
[]\OT1/cmr/m/n/12 Table 6: []Global-only bench-mark (no per-galaxy tun-ing).

Underfull \hbox (badness 6641) in paragraph at lines 316--316
\OT1/cmr/m/n/12 Shared con-straints: sin-gle global stel-lar M/L=1.0; iden-ti-c
al er-

Underfull \hbox (badness 10000) in paragraph at lines 316--316
\OT1/cmr/m/n/12 ror model and beam mask; same SPARC mas-ter ta-ble and

Underfull \hbox (badness 4416) in paragraph at lines 316--316
\OT1/cmr/m/n/12 masks. Val-ues cor-re-spond to \OT1/cmtt/m/n/12 results/bench[]
global[]summary.csv\OT1/cmr/m/n/12 .

Underfull \hbox (badness 10000) in paragraph at lines 316--316
\OT1/cmr/m/n/12 Per-galaxy rows: \OT1/cmtt/m/n/12 results/bench[]rs[]per[]galax
y.csv\OT1/cmr/m/n/12 ,

LaTeX Warning: Reference `tab:examples' on page 10 undefined on input line 330.



[10]
Overfull \hbox (7.79001pt too wide) in paragraph at lines 350--354
[]\OT1/cmr/m/n/12 Second, we con-firm code pu-rity through ded-i-cated tests in
 \OT1/cmtt/m/n/12 test[]purity.py\OT1/cmr/m/n/12 .

Overfull \hbox (5.47578pt too wide) in paragraph at lines 359--359
[]\OT1/cmr/bx/n/17.28 Outlook: Rel-a-tivis-tic Com-ple-tion (Prospec-

Overfull \hbox (24.37903pt too wide) in paragraph at lines 367--368
\OT1/cmr/m/n/12 The re-sults pre-sented in Sec-tion 4 pro-vide com-pelling ev-i
-dence for the information-

[11]
[12]
[13]
[14]

Package hyperref Warning: Token not allowed in a PDF string (Unicode):
(hyperref)                removing `math shift' on input line 434.


Package hyperref Warning: Token not allowed in a PDF string (Unicode):
(hyperref)                removing `math shift' on input line 434.


[15]
[16]
[17]
[18]
[19]
[20]
[21]
[22]
[23]
[24]
Underfull \hbox (badness 2020) in paragraph at lines 690--691
[]\OT1/cmr/m/n/12 McGaugh, S. S. 2020, \OT1/cmr/m/it/12 Galax-ies\OT1/cmr/m/n/1
2 , 8, 35. The Ra-dial Ac-cel-er-a-

Package natbib Warning: There were multiply defined citations.


[25] (./dark-matter-galaxy-rotation.aux

Package natbib Warning: Citation(s) may have changed.
(natbib)                Rerun to get citations correct.

)

LaTeX Warning: There were undefined references.

 )
(see the transcript file for additional information) </Users/jonathanwashburn/L
ibrary/texlive/2025basic/texmf-var/fonts/pk/ljfour/jknappen/ec/tcrm1200.600pk><
/usr/local/texlive/2025basic/texmf-dist/fonts/type1/public/amsfonts/cm/cmbx10.p
fb></usr/local/texlive/2025basic/texmf-dist/fonts/type1/public/amsfonts/cm/cmbx
12.pfb></usr/local/texlive/2025basic/texmf-dist/fonts/type1/public/amsfonts/cm/
cmex10.pfb></usr/local/texlive/2025basic/texmf-dist/fonts/type1/public/amsfonts
/cm/cmmi10.pfb></usr/local/texlive/2025basic/texmf-dist/fonts/type1/public/amsf
onts/cm/cmmi12.pfb></usr/local/texlive/2025basic/texmf-dist/fonts/type1/public/
amsfonts/cm/cmmi6.pfb></usr/local/texlive/2025basic/texmf-dist/fonts/type1/publ
ic/amsfonts/cm/cmmi8.pfb></usr/local/texlive/2025basic/texmf-dist/fonts/type1/p
ublic/amsfonts/cm/cmr10.pfb></usr/local/texlive/2025basic/texmf-dist/fonts/type
1/public/amsfonts/cm/cmr12.pfb></usr/local/texlive/2025basic/texmf-dist/fonts/t
ype1/public/amsfonts/cm/cmr17.pfb></usr/local/texlive/2025basic/texmf-dist/font
s/type1/public/amsfonts/cm/cmr6.pfb></usr/local/texlive/2025basic/texmf-dist/fo
nts/type1/public/amsfonts/cm/cmr8.pfb></usr/local/texlive/2025basic/texmf-dist/
fonts/type1/public/amsfonts/cm/cmsy10.pfb></usr/local/texlive/2025basic/texmf-d
ist/fonts/type1/public/amsfonts/cm/cmsy8.pfb></usr/local/texlive/2025basic/texm
f-dist/fonts/type1/public/amsfonts/cm/cmti10.pfb></usr/local/texlive/2025basic/
texmf-dist/fonts/type1/public/amsfonts/cm/cmti12.pfb></usr/local/texlive/2025ba
sic/texmf-dist/fonts/type1/public/amsfonts/cm/cmtt12.pfb>
Output written on dark-matter-galaxy-rotation.pdf (25 pages, 299287 bytes).
Transcript written on dark-matter-galaxy-rotation.log.
This is pdfTeX, Version 3.141592653-2.6-1.40.27 (TeX Live 2025) (preloaded format=pdflatex)
 restricted \write18 enabled.
entering extended mode
(./dark-matter-galaxy-rotation.tex
LaTeX2e <2024-11-01> patch level 2
L3 programming layer <2025-01-18>
(/usr/local/texlive/2025basic/texmf-dist/tex/latex/base/article.cls
Document Class: article 2024/06/29 v1.4n Standard LaTeX document class
(/usr/local/texlive/2025basic/texmf-dist/tex/latex/base/size12.clo))
(/usr/local/texlive/2025basic/texmf-dist/tex/latex/base/inputenc.sty)
(/usr/local/texlive/2025basic/texmf-dist/tex/latex/amsmath/amsmath.sty
For additional information on amsmath, use the `?' option.
(/usr/local/texlive/2025basic/texmf-dist/tex/latex/amsmath/amstext.sty
(/usr/local/texlive/2025basic/texmf-dist/tex/latex/amsmath/amsgen.sty))
(/usr/local/texlive/2025basic/texmf-dist/tex/latex/amsmath/amsbsy.sty)
(/usr/local/texlive/2025basic/texmf-dist/tex/latex/amsmath/amsopn.sty))
(/usr/local/texlive/2025basic/texmf-dist/tex/latex/amsfonts/amsfonts.sty)
(/usr/local/texlive/2025basic/texmf-dist/tex/latex/amsfonts/amssymb.sty)
(/usr/local/texlive/2025basic/texmf-dist/tex/latex/graphics/graphicx.sty
(/usr/local/texlive/2025basic/texmf-dist/tex/latex/graphics/keyval.sty)
(/usr/local/texlive/2025basic/texmf-dist/tex/latex/graphics/graphics.sty
(/usr/local/texlive/2025basic/texmf-dist/tex/latex/graphics/trig.sty)
(/usr/local/texlive/2025basic/texmf-dist/tex/latex/graphics-cfg/graphics.cfg)
(/usr/local/texlive/2025basic/texmf-dist/tex/latex/graphics-def/pdftex.def)))
(/usr/local/texlive/2025basic/texmf-dist/tex/latex/hyperref/hyperref.sty
(/usr/local/texlive/2025basic/texmf-dist/tex/generic/iftex/iftex.sty)
(/usr/local/texlive/2025basic/texmf-dist/tex/latex/kvsetkeys/kvsetkeys.sty)
(/usr/local/texlive/2025basic/texmf-dist/tex/generic/kvdefinekeys/kvdefinekeys.
sty)
(/usr/local/texlive/2025basic/texmf-dist/tex/generic/pdfescape/pdfescape.sty
(/usr/local/texlive/2025basic/texmf-dist/tex/generic/ltxcmds/ltxcmds.sty)
(/usr/local/texlive/2025basic/texmf-dist/tex/generic/pdftexcmds/pdftexcmds.sty
(/usr/local/texlive/2025basic/texmf-dist/tex/generic/infwarerr/infwarerr.sty)))
 (/usr/local/texlive/2025basic/texmf-dist/tex/latex/hycolor/hycolor.sty)
(/usr/local/texlive/2025basic/texmf-dist/tex/latex/hyperref/nameref.sty
(/usr/local/texlive/2025basic/texmf-dist/tex/latex/refcount/refcount.sty)
(/usr/local/texlive/2025basic/texmf-dist/tex/generic/gettitlestring/gettitlestr
ing.sty
(/usr/local/texlive/2025basic/texmf-dist/tex/latex/kvoptions/kvoptions.sty)))
(/usr/local/texlive/2025basic/texmf-dist/tex/latex/etoolbox/etoolbox.sty)
(/usr/local/texlive/2025basic/texmf-dist/tex/generic/stringenc/stringenc.sty)
(/usr/local/texlive/2025basic/texmf-dist/tex/latex/hyperref/pd1enc.def)
(/usr/local/texlive/2025basic/texmf-dist/tex/generic/intcalc/intcalc.sty)
(/usr/local/texlive/2025basic/texmf-dist/tex/latex/hyperref/puenc.def)
(/usr/local/texlive/2025basic/texmf-dist/tex/latex/url/url.sty)
(/usr/local/texlive/2025basic/texmf-dist/tex/generic/bitset/bitset.sty
(/usr/local/texlive/2025basic/texmf-dist/tex/generic/bigintcalc/bigintcalc.sty)
) (/usr/local/texlive/2025basic/texmf-dist/tex/latex/base/atbegshi-ltx.sty))
(/usr/local/texlive/2025basic/texmf-dist/tex/latex/hyperref/hpdftex.def
(/usr/local/texlive/2025basic/texmf-dist/tex/latex/base/atveryend-ltx.sty)
(/usr/local/texlive/2025basic/texmf-dist/tex/latex/rerunfilecheck/rerunfilechec
k.sty
(/usr/local/texlive/2025basic/texmf-dist/tex/generic/uniquecounter/uniquecounte
r.sty)))
(/usr/local/texlive/2025basic/texmf-dist/tex/latex/booktabs/booktabs.sty)
(/usr/local/texlive/2025basic/texmf-dist/tex/latex/natbib/natbib.sty)
(/usr/local/texlive/2025basic/texmf-dist/tex/latex/listings/listings.sty
(/usr/local/texlive/2025basic/texmf-dist/tex/latex/listings/lstpatch.sty)
(/usr/local/texlive/2025basic/texmf-dist/tex/latex/listings/lstmisc.sty)
(/usr/local/texlive/2025basic/texmf-dist/tex/latex/listings/listings.cfg))
(/usr/local/texlive/2025basic/texmf-dist/tex/latex/tools/verbatim.sty)
(/usr/local/texlive/2025basic/texmf-dist/tex/latex/l3backend/l3backend-pdftex.d
ef) (./dark-matter-galaxy-rotation.aux)
(/usr/local/texlive/2025basic/texmf-dist/tex/context/base/mkii/supp-pdf.mkii
[Loading MPS to PDF converter (version 2006.09.02).]
)
(/usr/local/texlive/2025basic/texmf-dist/tex/latex/epstopdf-pkg/epstopdf-base.s
ty
(/usr/local/texlive/2025basic/texmf-dist/tex/latex/latexconfig/epstopdf-sys.cfg
)) (./dark-matter-galaxy-rotation.out) (./dark-matter-galaxy-rotation.out)
(/usr/local/texlive/2025basic/texmf-dist/tex/latex/amsfonts/umsa.fd)
(/usr/local/texlive/2025basic/texmf-dist/tex/latex/amsfonts/umsb.fd)
Overfull \hbox (7.25693pt too wide) in paragraph at lines 31--32
[]\OT1/cmr/m/n/10.95 Using a fully re-pro-ducible Python pipeline on the 127-ga
laxy SPARC

[1{/usr/local/texlive/2025basic/texmf-var/fonts/map/pdftex/updmap/pdftex.map}]
Overfull \hbox (4.64798pt too wide) in paragraph at lines 50--51
\OT1/cmr/m/n/12 where $\OML/cmm/m/it/12 w\OT1/cmr/m/n/12 (\OML/cmm/m/it/12 r\OT
1/cmr/m/n/12 )$ is a di-men-sion-less weight func-tion en-cod-ing information-p
rocessing

[2]
Overfull \hbox (1.1766pt too wide) in paragraph at lines 64--65
[]\OT1/cmr/m/n/12 Most im-por-tantly, ILG is de-signed as a fal-si-fi-able phe-
nomeno-log-i-cal frame-

Overfull \hbox (22.61972pt too wide) in paragraph at lines 72--72
[]\OT1/cmr/bx/n/17.28 Phenomenological Information-Limited Grav-

[3]
Overfull \hbox (0.97127pt too wide) in paragraph at lines 104--105
[]\OT1/cmr/m/n/12 The re-fresh lag $^^A\OML/cmm/m/it/12 t[]$ \OT1/cmr/m/n/12 tr
ans-lates to the recog-ni-tion weight $\OML/cmm/m/it/12 w\OT1/cmr/m/n/12 (\OML/
cmm/m/it/12 r\OT1/cmr/m/n/12 ) \OMS/cmsy/m/n/12 / \OT1/cmr/m/n/12 (\OML/cmm/m/i
t/12 T[]=^^\[]\OT1/cmr/m/n/12 )[]$,

[4]
Overfull \hbox (12.01408pt too wide) in paragraph at lines 108--109
\OT1/cmr/m/n/12 func-tion $\OML/cmm/m/it/12 w\OT1/cmr/m/n/12 (\OML/cmm/m/it/12 
r\OT1/cmr/m/n/12 )$, which mod-i-fies the ef-fec-tive grav-i-ta-tional ac-cel-e
r-a-tion as $\OML/cmm/m/it/12 a[]\OT1/cmr/m/n/12 (\OML/cmm/m/it/12 r\OT1/cmr/m/
n/12 ) =

Overfull \hbox (0.4729pt too wide) in paragraph at lines 131--132
[]\OT1/cmr/bx/n/12 Vertical cor-rec-tion $\OML/cmm/m/it/12 ^^P\OT1/cmr/m/n/12 (
\OML/cmm/m/it/12 r\OT1/cmr/m/n/12 )$: Global disk-thickness cor-rec-tion with $
\OML/cmm/m/it/12 h[]=R[] \OT1/cmr/m/n/12 =

Overfull \hbox (156.73672pt too wide) in paragraph at lines 137--154
 [][] 

LaTeX Warning: `h' float specifier changed to `ht'.


[5]
Overfull \hbox (18.66446pt too wide) in paragraph at lines 176--186
 [][] 

LaTeX Warning: `h' float specifier changed to `ht'.


[6]
Overfull \hbox (16.15411pt too wide) in paragraph at lines 211--212
\OT1/cmr/m/n/12 men-ta-tion, the code is avail-able at []https://github.com/jon
washburn/darkmatter[]

Overfull \hbox (66.95023pt too wide) in paragraph at lines 215--215
[]\OT1/cmtt/m/n/12 docker run --rm ilg-validation python ledger_final_combined.
py --mode=pure[] 

[7]

LaTeX Warning: Reference `tab:filesizes' on page 8 undefined on input line 217.



Overfull \hbox (54.06789pt too wide) in paragraph at lines 272--273
[]\OT1/cmr/m/n/12 The \OT1/cmtt/m/n/12 build[]sparc[]master[]table.py \OT1/cmr/
m/n/12 script loads ro-ta-tion curve files (\OT1/cmtt/m/n/12 *.rotmod.dat\OT1/c
mr/m/n/12 )

[8]
Overfull \hbox (23.13985pt too wide) in paragraph at lines 288--289
[]\OT1/cmr/m/n/12 Reproducibility is en-sured through pinned de-pen-den-cies (\
OT1/cmtt/m/n/12 requirements.txt\OT1/cmr/m/n/12 ),

Overfull \hbox (43.38515pt too wide) in paragraph at lines 296--297
[]\OT1/cmtt/m/n/12 scripts/ilg[]pure[]solver.py\OT1/cmr/m/n/12 : runs the ILG v
ari-ants and writes summary/per-

Overfull \hbox (99.38876pt too wide) in paragraph at lines 298--299
[]\OT1/cmr/m/n/12 Key out-puts: \OT1/cmtt/m/n/12 results/bench[]global[]summary
.csv\OT1/cmr/m/n/12 , \OT1/cmtt/m/n/12 results/bench[]rs[]per[]galaxy.csv\OT1/c
mr/m/n/12 ,

[9]
Underfull \hbox (badness 10000) in paragraph at lines 316--316
[]\OT1/cmr/m/n/12 Table 6: []Global-only bench-mark (no per-galaxy tun-ing).

Underfull \hbox (badness 6641) in paragraph at lines 316--316
\OT1/cmr/m/n/12 Shared con-straints: sin-gle global stel-lar M/L=1.0; iden-ti-c
al er-

Underfull \hbox (badness 10000) in paragraph at lines 316--316
\OT1/cmr/m/n/12 ror model and beam mask; same SPARC mas-ter ta-ble and

Underfull \hbox (badness 4416) in paragraph at lines 316--316
\OT1/cmr/m/n/12 masks. Val-ues cor-re-spond to \OT1/cmtt/m/n/12 results/bench[]
global[]summary.csv\OT1/cmr/m/n/12 .

Underfull \hbox (badness 10000) in paragraph at lines 316--316
\OT1/cmr/m/n/12 Per-galaxy rows: \OT1/cmtt/m/n/12 results/bench[]rs[]per[]galax
y.csv\OT1/cmr/m/n/12 ,

LaTeX Warning: Reference `tab:examples' on page 10 undefined on input line 330.



[10]
Overfull \hbox (7.79001pt too wide) in paragraph at lines 350--354
[]\OT1/cmr/m/n/12 Second, we con-firm code pu-rity through ded-i-cated tests in
 \OT1/cmtt/m/n/12 test[]purity.py\OT1/cmr/m/n/12 .

Overfull \hbox (5.47578pt too wide) in paragraph at lines 359--359
[]\OT1/cmr/bx/n/17.28 Outlook: Rel-a-tivis-tic Com-ple-tion (Prospec-

Overfull \hbox (24.37903pt too wide) in paragraph at lines 367--368
\OT1/cmr/m/n/12 The re-sults pre-sented in Sec-tion 4 pro-vide com-pelling ev-i
-dence for the information-

[11]
[12]
[13]
[14]

Package hyperref Warning: Token not allowed in a PDF string (Unicode):
(hyperref)                removing `math shift' on input line 434.


Package hyperref Warning: Token not allowed in a PDF string (Unicode):
(hyperref)                removing `math shift' on input line 434.


[15]
[16]
[17]
[18]
[19]
[20]
[21]
[22]
[23]
[24]
Underfull \hbox (badness 2020) in paragraph at lines 690--691
[]\OT1/cmr/m/n/12 McGaugh, S. S. 2020, \OT1/cmr/m/it/12 Galax-ies\OT1/cmr/m/n/1
2 , 8, 35. The Ra-dial Ac-cel-er-a-

[25] (./dark-matter-galaxy-rotation.aux)

LaTeX Warning: There were undefined references.

 )
(see the transcript file for additional information) </Users/jonathanwashburn/L
ibrary/texlive/2025basic/texmf-var/fonts/pk/ljfour/jknappen/ec/tcrm1200.600pk><
/usr/local/texlive/2025basic/texmf-dist/fonts/type1/public/amsfonts/cm/cmbx10.p
fb></usr/local/texlive/2025basic/texmf-dist/fonts/type1/public/amsfonts/cm/cmbx
12.pfb></usr/local/texlive/2025basic/texmf-dist/fonts/type1/public/amsfonts/cm/
cmex10.pfb></usr/local/texlive/2025basic/texmf-dist/fonts/type1/public/amsfonts
/cm/cmmi10.pfb></usr/local/texlive/2025basic/texmf-dist/fonts/type1/public/amsf
onts/cm/cmmi12.pfb></usr/local/texlive/2025basic/texmf-dist/fonts/type1/public/
amsfonts/cm/cmmi6.pfb></usr/local/texlive/2025basic/texmf-dist/fonts/type1/publ
ic/amsfonts/cm/cmmi8.pfb></usr/local/texlive/2025basic/texmf-dist/fonts/type1/p
ublic/amsfonts/cm/cmr10.pfb></usr/local/texlive/2025basic/texmf-dist/fonts/type
1/public/amsfonts/cm/cmr12.pfb></usr/local/texlive/2025basic/texmf-dist/fonts/t
ype1/public/amsfonts/cm/cmr17.pfb></usr/local/texlive/2025basic/texmf-dist/font
s/type1/public/amsfonts/cm/cmr6.pfb></usr/local/texlive/2025basic/texmf-dist/fo
nts/type1/public/amsfonts/cm/cmr8.pfb></usr/local/texlive/2025basic/texmf-dist/
fonts/type1/public/amsfonts/cm/cmsy10.pfb></usr/local/texlive/2025basic/texmf-d
ist/fonts/type1/public/amsfonts/cm/cmsy8.pfb></usr/local/texlive/2025basic/texm
f-dist/fonts/type1/public/amsfonts/cm/cmti10.pfb></usr/local/texlive/2025basic/
texmf-dist/fonts/type1/public/amsfonts/cm/cmti12.pfb></usr/local/texlive/2025ba
sic/texmf-dist/fonts/type1/public/amsfonts/cm/cmtt12.pfb>
Output written on dark-matter-galaxy-rotation.pdf (25 pages, 299287 bytes).
Transcript written on dark-matter-galaxy-rotation.log.
This is pdfTeX, Version 3.141592653-2.6-1.40.27 (TeX Live 2025) (preloaded format=pdflatex)
 restricted \write18 enabled.
entering extended mode
(./dark-matter-galaxy-rotation.tex
LaTeX2e <2024-11-01> patch level 2
L3 programming layer <2025-01-18>
(/usr/local/texlive/2025basic/texmf-dist/tex/latex/base/article.cls
Document Class: article 2024/06/29 v1.4n Standard LaTeX document class
(/usr/local/texlive/2025basic/texmf-dist/tex/latex/base/size12.clo))
(/usr/local/texlive/2025basic/texmf-dist/tex/latex/base/inputenc.sty)
(/usr/local/texlive/2025basic/texmf-dist/tex/latex/amsmath/amsmath.sty
For additional information on amsmath, use the `?' option.
(/usr/local/texlive/2025basic/texmf-dist/tex/latex/amsmath/amstext.sty
(/usr/local/texlive/2025basic/texmf-dist/tex/latex/amsmath/amsgen.sty))
(/usr/local/texlive/2025basic/texmf-dist/tex/latex/amsmath/amsbsy.sty)
(/usr/local/texlive/2025basic/texmf-dist/tex/latex/amsmath/amsopn.sty))
(/usr/local/texlive/2025basic/texmf-dist/tex/latex/amsfonts/amsfonts.sty)
(/usr/local/texlive/2025basic/texmf-dist/tex/latex/amsfonts/amssymb.sty)
(/usr/local/texlive/2025basic/texmf-dist/tex/latex/graphics/graphicx.sty
(/usr/local/texlive/2025basic/texmf-dist/tex/latex/graphics/keyval.sty)
(/usr/local/texlive/2025basic/texmf-dist/tex/latex/graphics/graphics.sty
(/usr/local/texlive/2025basic/texmf-dist/tex/latex/graphics/trig.sty)
(/usr/local/texlive/2025basic/texmf-dist/tex/latex/graphics-cfg/graphics.cfg)
(/usr/local/texlive/2025basic/texmf-dist/tex/latex/graphics-def/pdftex.def)))
(/usr/local/texlive/2025basic/texmf-dist/tex/latex/hyperref/hyperref.sty
(/usr/local/texlive/2025basic/texmf-dist/tex/generic/iftex/iftex.sty)
(/usr/local/texlive/2025basic/texmf-dist/tex/latex/kvsetkeys/kvsetkeys.sty)
(/usr/local/texlive/2025basic/texmf-dist/tex/generic/kvdefinekeys/kvdefinekeys.
sty)
(/usr/local/texlive/2025basic/texmf-dist/tex/generic/pdfescape/pdfescape.sty
(/usr/local/texlive/2025basic/texmf-dist/tex/generic/ltxcmds/ltxcmds.sty)
(/usr/local/texlive/2025basic/texmf-dist/tex/generic/pdftexcmds/pdftexcmds.sty
(/usr/local/texlive/2025basic/texmf-dist/tex/generic/infwarerr/infwarerr.sty)))
 (/usr/local/texlive/2025basic/texmf-dist/tex/latex/hycolor/hycolor.sty)
(/usr/local/texlive/2025basic/texmf-dist/tex/latex/hyperref/nameref.sty
(/usr/local/texlive/2025basic/texmf-dist/tex/latex/refcount/refcount.sty)
(/usr/local/texlive/2025basic/texmf-dist/tex/generic/gettitlestring/gettitlestr
ing.sty
(/usr/local/texlive/2025basic/texmf-dist/tex/latex/kvoptions/kvoptions.sty)))
(/usr/local/texlive/2025basic/texmf-dist/tex/latex/etoolbox/etoolbox.sty)
(/usr/local/texlive/2025basic/texmf-dist/tex/generic/stringenc/stringenc.sty)
(/usr/local/texlive/2025basic/texmf-dist/tex/latex/hyperref/pd1enc.def)
(/usr/local/texlive/2025basic/texmf-dist/tex/generic/intcalc/intcalc.sty)
(/usr/local/texlive/2025basic/texmf-dist/tex/latex/hyperref/puenc.def)
(/usr/local/texlive/2025basic/texmf-dist/tex/latex/url/url.sty)
(/usr/local/texlive/2025basic/texmf-dist/tex/generic/bitset/bitset.sty
(/usr/local/texlive/2025basic/texmf-dist/tex/generic/bigintcalc/bigintcalc.sty)
) (/usr/local/texlive/2025basic/texmf-dist/tex/latex/base/atbegshi-ltx.sty))
(/usr/local/texlive/2025basic/texmf-dist/tex/latex/hyperref/hpdftex.def
(/usr/local/texlive/2025basic/texmf-dist/tex/latex/base/atveryend-ltx.sty)
(/usr/local/texlive/2025basic/texmf-dist/tex/latex/rerunfilecheck/rerunfilechec
k.sty
(/usr/local/texlive/2025basic/texmf-dist/tex/generic/uniquecounter/uniquecounte
r.sty)))
(/usr/local/texlive/2025basic/texmf-dist/tex/latex/booktabs/booktabs.sty)
(/usr/local/texlive/2025basic/texmf-dist/tex/latex/natbib/natbib.sty)
(/usr/local/texlive/2025basic/texmf-dist/tex/latex/listings/listings.sty
(/usr/local/texlive/2025basic/texmf-dist/tex/latex/listings/lstpatch.sty)
(/usr/local/texlive/2025basic/texmf-dist/tex/latex/listings/lstmisc.sty)
(/usr/local/texlive/2025basic/texmf-dist/tex/latex/listings/listings.cfg))
(/usr/local/texlive/2025basic/texmf-dist/tex/latex/tools/verbatim.sty)
(/usr/local/texlive/2025basic/texmf-dist/tex/latex/l3backend/l3backend-pdftex.d
ef) (./dark-matter-galaxy-rotation.aux)
(/usr/local/texlive/2025basic/texmf-dist/tex/context/base/mkii/supp-pdf.mkii
[Loading MPS to PDF converter (version 2006.09.02).]
)
(/usr/local/texlive/2025basic/texmf-dist/tex/latex/epstopdf-pkg/epstopdf-base.s
ty
(/usr/local/texlive/2025basic/texmf-dist/tex/latex/latexconfig/epstopdf-sys.cfg
)) (./dark-matter-galaxy-rotation.out) (./dark-matter-galaxy-rotation.out)
(/usr/local/texlive/2025basic/texmf-dist/tex/latex/amsfonts/umsa.fd)
(/usr/local/texlive/2025basic/texmf-dist/tex/latex/amsfonts/umsb.fd)
Overfull \hbox (7.25693pt too wide) in paragraph at lines 31--32
[]\OT1/cmr/m/n/10.95 Using a fully re-pro-ducible Python pipeline on the 127-ga
laxy SPARC

[1{/usr/local/texlive/2025basic/texmf-var/fonts/map/pdftex/updmap/pdftex.map}]
Overfull \hbox (4.64798pt too wide) in paragraph at lines 50--51
\OT1/cmr/m/n/12 where $\OML/cmm/m/it/12 w\OT1/cmr/m/n/12 (\OML/cmm/m/it/12 r\OT
1/cmr/m/n/12 )$ is a di-men-sion-less weight func-tion en-cod-ing information-p
rocessing

[2]
Overfull \hbox (1.1766pt too wide) in paragraph at lines 64--65
[]\OT1/cmr/m/n/12 Most im-por-tantly, ILG is de-signed as a fal-si-fi-able phe-
nomeno-log-i-cal frame-

Overfull \hbox (22.61972pt too wide) in paragraph at lines 72--72
[]\OT1/cmr/bx/n/17.28 Phenomenological Information-Limited Grav-

[3]
Overfull \hbox (0.97127pt too wide) in paragraph at lines 104--105
[]\OT1/cmr/m/n/12 The re-fresh lag $^^A\OML/cmm/m/it/12 t[]$ \OT1/cmr/m/n/12 tr
ans-lates to the recog-ni-tion weight $\OML/cmm/m/it/12 w\OT1/cmr/m/n/12 (\OML/
cmm/m/it/12 r\OT1/cmr/m/n/12 ) \OMS/cmsy/m/n/12 / \OT1/cmr/m/n/12 (\OML/cmm/m/i
t/12 T[]=^^\[]\OT1/cmr/m/n/12 )[]$,

[4]
Overfull \hbox (12.01408pt too wide) in paragraph at lines 108--109
\OT1/cmr/m/n/12 func-tion $\OML/cmm/m/it/12 w\OT1/cmr/m/n/12 (\OML/cmm/m/it/12 
r\OT1/cmr/m/n/12 )$, which mod-i-fies the ef-fec-tive grav-i-ta-tional ac-cel-e
r-a-tion as $\OML/cmm/m/it/12 a[]\OT1/cmr/m/n/12 (\OML/cmm/m/it/12 r\OT1/cmr/m/
n/12 ) =

Overfull \hbox (0.4729pt too wide) in paragraph at lines 131--132
[]\OT1/cmr/bx/n/12 Vertical cor-rec-tion $\OML/cmm/m/it/12 ^^P\OT1/cmr/m/n/12 (
\OML/cmm/m/it/12 r\OT1/cmr/m/n/12 )$: Global disk-thickness cor-rec-tion with $
\OML/cmm/m/it/12 h[]=R[] \OT1/cmr/m/n/12 =

Overfull \hbox (156.73672pt too wide) in paragraph at lines 137--154
 [][] 

LaTeX Warning: `h' float specifier changed to `ht'.


[5]
Overfull \hbox (18.66446pt too wide) in paragraph at lines 176--186
 [][] 

LaTeX Warning: `h' float specifier changed to `ht'.


[6]
Overfull \hbox (16.15411pt too wide) in paragraph at lines 211--212
\OT1/cmr/m/n/12 men-ta-tion, the code is avail-able at []https://github.com/jon
washburn/darkmatter[]

Overfull \hbox (66.95023pt too wide) in paragraph at lines 215--215
[]\OT1/cmtt/m/n/12 docker run --rm ilg-validation python ledger_final_combined.
py --mode=pure[] 

[7]

LaTeX Warning: Reference `tab:filesizes' on page 8 undefined on input line 217.



Overfull \hbox (54.06789pt too wide) in paragraph at lines 272--273
[]\OT1/cmr/m/n/12 The \OT1/cmtt/m/n/12 build[]sparc[]master[]table.py \OT1/cmr/
m/n/12 script loads ro-ta-tion curve files (\OT1/cmtt/m/n/12 *.rotmod.dat\OT1/c
mr/m/n/12 )

[8]
Overfull \hbox (23.13985pt too wide) in paragraph at lines 288--289
[]\OT1/cmr/m/n/12 Reproducibility is en-sured through pinned de-pen-den-cies (\
OT1/cmtt/m/n/12 requirements.txt\OT1/cmr/m/n/12 ),

Overfull \hbox (43.38515pt too wide) in paragraph at lines 296--297
[]\OT1/cmtt/m/n/12 scripts/ilg[]pure[]solver.py\OT1/cmr/m/n/12 : runs the ILG v
ari-ants and writes summary/per-

Overfull \hbox (99.38876pt too wide) in paragraph at lines 298--299
[]\OT1/cmr/m/n/12 Key out-puts: \OT1/cmtt/m/n/12 results/bench[]global[]summary
.csv\OT1/cmr/m/n/12 , \OT1/cmtt/m/n/12 results/bench[]rs[]per[]galaxy.csv\OT1/c
mr/m/n/12 ,

[9]
Underfull \hbox (badness 10000) in paragraph at lines 316--316
[]\OT1/cmr/m/n/12 Table 6: []Global-only bench-mark (no per-galaxy tun-ing).

Underfull \hbox (badness 6641) in paragraph at lines 316--316
\OT1/cmr/m/n/12 Shared con-straints: sin-gle global stel-lar M/L=1.0; iden-ti-c
al er-

Underfull \hbox (badness 10000) in paragraph at lines 316--316
\OT1/cmr/m/n/12 ror model and beam mask; same SPARC mas-ter ta-ble and

Underfull \hbox (badness 4416) in paragraph at lines 316--316
\OT1/cmr/m/n/12 masks. Val-ues cor-re-spond to \OT1/cmtt/m/n/12 results/bench[]
global[]summary.csv\OT1/cmr/m/n/12 .

Underfull \hbox (badness 10000) in paragraph at lines 316--316
\OT1/cmr/m/n/12 Per-galaxy rows: \OT1/cmtt/m/n/12 results/bench[]rs[]per[]galax
y.csv\OT1/cmr/m/n/12 ,

LaTeX Warning: Reference `tab:examples' on page 10 undefined on input line 330.



[10]
Overfull \hbox (7.79001pt too wide) in paragraph at lines 350--354
[]\OT1/cmr/m/n/12 Second, we con-firm code pu-rity through ded-i-cated tests in
 \OT1/cmtt/m/n/12 test[]purity.py\OT1/cmr/m/n/12 .

Overfull \hbox (5.47578pt too wide) in paragraph at lines 359--359
[]\OT1/cmr/bx/n/17.28 Outlook: Rel-a-tivis-tic Com-ple-tion (Prospec-

Overfull \hbox (24.37903pt too wide) in paragraph at lines 367--368
\OT1/cmr/m/n/12 The re-sults pre-sented in Sec-tion 4 pro-vide com-pelling ev-i
-dence for the information-

[11]
[12]
[13]
[14]

Package hyperref Warning: Token not allowed in a PDF string (Unicode):
(hyperref)                removing `math shift' on input line 434.


Package hyperref Warning: Token not allowed in a PDF string (Unicode):
(hyperref)                removing `math shift' on input line 434.


[15]
[16]
[17]
[18]
[19]
[20]
[21]
[22]
[23]
[24]
Underfull \hbox (badness 2020) in paragraph at lines 690--691
[]\OT1/cmr/m/n/12 McGaugh, S. S. 2020, \OT1/cmr/m/it/12 Galax-ies\OT1/cmr/m/n/1
2 , 8, 35. The Ra-dial Ac-cel-er-a-

[25] (./dark-matter-galaxy-rotation.aux)

LaTeX Warning: There were undefined references.

 )
(see the transcript file for additional information) </Users/jonathanwashburn/L
ibrary/texlive/2025basic/texmf-var/fonts/pk/ljfour/jknappen/ec/tcrm1200.600pk><
/usr/local/texlive/2025basic/texmf-dist/fonts/type1/public/amsfonts/cm/cmbx10.p
fb></usr/local/texlive/2025basic/texmf-dist/fonts/type1/public/amsfonts/cm/cmbx
12.pfb></usr/local/texlive/2025basic/texmf-dist/fonts/type1/public/amsfonts/cm/
cmex10.pfb></usr/local/texlive/2025basic/texmf-dist/fonts/type1/public/amsfonts
/cm/cmmi10.pfb></usr/local/texlive/2025basic/texmf-dist/fonts/type1/public/amsf
onts/cm/cmmi12.pfb></usr/local/texlive/2025basic/texmf-dist/fonts/type1/public/
amsfonts/cm/cmmi6.pfb></usr/local/texlive/2025basic/texmf-dist/fonts/type1/publ
ic/amsfonts/cm/cmmi8.pfb></usr/local/texlive/2025basic/texmf-dist/fonts/type1/p
ublic/amsfonts/cm/cmr10.pfb></usr/local/texlive/2025basic/texmf-dist/fonts/type
1/public/amsfonts/cm/cmr12.pfb></usr/local/texlive/2025basic/texmf-dist/fonts/t
ype1/public/amsfonts/cm/cmr17.pfb></usr/local/texlive/2025basic/texmf-dist/font
s/type1/public/amsfonts/cm/cmr6.pfb></usr/local/texlive/2025basic/texmf-dist/fo
nts/type1/public/amsfonts/cm/cmr8.pfb></usr/local/texlive/2025basic/texmf-dist/
fonts/type1/public/amsfonts/cm/cmsy10.pfb></usr/local/texlive/2025basic/texmf-d
ist/fonts/type1/public/amsfonts/cm/cmsy8.pfb></usr/local/texlive/2025basic/texm
f-dist/fonts/type1/public/amsfonts/cm/cmti10.pfb></usr/local/texlive/2025basic/
texmf-dist/fonts/type1/public/amsfonts/cm/cmti12.pfb></usr/local/texlive/2025ba
sic/texmf-dist/fonts/type1/public/amsfonts/cm/cmtt12.pfb>
Output written on dark-matter-galaxy-rotation.pdf (25 pages, 299287 bytes).
Transcript written on dark-matter-galaxy-rotation.log.
This is pdfTeX, Version 3.141592653-2.6-1.40.27 (TeX Live 2025) (preloaded format=pdflatex)
 restricted \write18 enabled.
entering extended mode
(./dark-matter-galaxy-rotation.tex
LaTeX2e <2024-11-01> patch level 2
L3 programming layer <2025-01-18>
(/usr/local/texlive/2025basic/texmf-dist/tex/latex/base/article.cls
Document Class: article 2024/06/29 v1.4n Standard LaTeX document class
(/usr/local/texlive/2025basic/texmf-dist/tex/latex/base/size12.clo))
(/usr/local/texlive/2025basic/texmf-dist/tex/latex/base/inputenc.sty)
(/usr/local/texlive/2025basic/texmf-dist/tex/latex/amsmath/amsmath.sty
For additional information on amsmath, use the `?' option.
(/usr/local/texlive/2025basic/texmf-dist/tex/latex/amsmath/amstext.sty
(/usr/local/texlive/2025basic/texmf-dist/tex/latex/amsmath/amsgen.sty))
(/usr/local/texlive/2025basic/texmf-dist/tex/latex/amsmath/amsbsy.sty)
(/usr/local/texlive/2025basic/texmf-dist/tex/latex/amsmath/amsopn.sty))
(/usr/local/texlive/2025basic/texmf-dist/tex/latex/amsfonts/amsfonts.sty)
(/usr/local/texlive/2025basic/texmf-dist/tex/latex/amsfonts/amssymb.sty)
(/usr/local/texlive/2025basic/texmf-dist/tex/latex/graphics/graphicx.sty
(/usr/local/texlive/2025basic/texmf-dist/tex/latex/graphics/keyval.sty)
(/usr/local/texlive/2025basic/texmf-dist/tex/latex/graphics/graphics.sty
(/usr/local/texlive/2025basic/texmf-dist/tex/latex/graphics/trig.sty)
(/usr/local/texlive/2025basic/texmf-dist/tex/latex/graphics-cfg/graphics.cfg)
(/usr/local/texlive/2025basic/texmf-dist/tex/latex/graphics-def/pdftex.def)))
(/usr/local/texlive/2025basic/texmf-dist/tex/latex/hyperref/hyperref.sty
(/usr/local/texlive/2025basic/texmf-dist/tex/generic/iftex/iftex.sty)
(/usr/local/texlive/2025basic/texmf-dist/tex/latex/kvsetkeys/kvsetkeys.sty)
(/usr/local/texlive/2025basic/texmf-dist/tex/generic/kvdefinekeys/kvdefinekeys.
sty)
(/usr/local/texlive/2025basic/texmf-dist/tex/generic/pdfescape/pdfescape.sty
(/usr/local/texlive/2025basic/texmf-dist/tex/generic/ltxcmds/ltxcmds.sty)
(/usr/local/texlive/2025basic/texmf-dist/tex/generic/pdftexcmds/pdftexcmds.sty
(/usr/local/texlive/2025basic/texmf-dist/tex/generic/infwarerr/infwarerr.sty)))
 (/usr/local/texlive/2025basic/texmf-dist/tex/latex/hycolor/hycolor.sty)
(/usr/local/texlive/2025basic/texmf-dist/tex/latex/hyperref/nameref.sty
(/usr/local/texlive/2025basic/texmf-dist/tex/latex/refcount/refcount.sty)
(/usr/local/texlive/2025basic/texmf-dist/tex/generic/gettitlestring/gettitlestr
ing.sty
(/usr/local/texlive/2025basic/texmf-dist/tex/latex/kvoptions/kvoptions.sty)))
(/usr/local/texlive/2025basic/texmf-dist/tex/latex/etoolbox/etoolbox.sty)
(/usr/local/texlive/2025basic/texmf-dist/tex/generic/stringenc/stringenc.sty)
(/usr/local/texlive/2025basic/texmf-dist/tex/latex/hyperref/pd1enc.def)
(/usr/local/texlive/2025basic/texmf-dist/tex/generic/intcalc/intcalc.sty)
(/usr/local/texlive/2025basic/texmf-dist/tex/latex/hyperref/puenc.def)
(/usr/local/texlive/2025basic/texmf-dist/tex/latex/url/url.sty)
(/usr/local/texlive/2025basic/texmf-dist/tex/generic/bitset/bitset.sty
(/usr/local/texlive/2025basic/texmf-dist/tex/generic/bigintcalc/bigintcalc.sty)
) (/usr/local/texlive/2025basic/texmf-dist/tex/latex/base/atbegshi-ltx.sty))
(/usr/local/texlive/2025basic/texmf-dist/tex/latex/hyperref/hpdftex.def
(/usr/local/texlive/2025basic/texmf-dist/tex/latex/base/atveryend-ltx.sty)
(/usr/local/texlive/2025basic/texmf-dist/tex/latex/rerunfilecheck/rerunfilechec
k.sty
(/usr/local/texlive/2025basic/texmf-dist/tex/generic/uniquecounter/uniquecounte
r.sty)))
(/usr/local/texlive/2025basic/texmf-dist/tex/latex/booktabs/booktabs.sty)
(/usr/local/texlive/2025basic/texmf-dist/tex/latex/natbib/natbib.sty)
(/usr/local/texlive/2025basic/texmf-dist/tex/latex/listings/listings.sty
(/usr/local/texlive/2025basic/texmf-dist/tex/latex/listings/lstpatch.sty)
(/usr/local/texlive/2025basic/texmf-dist/tex/latex/listings/lstmisc.sty)
(/usr/local/texlive/2025basic/texmf-dist/tex/latex/listings/listings.cfg))
(/usr/local/texlive/2025basic/texmf-dist/tex/latex/tools/verbatim.sty)
(/usr/local/texlive/2025basic/texmf-dist/tex/latex/l3backend/l3backend-pdftex.d
ef) (./dark-matter-galaxy-rotation.aux)
(/usr/local/texlive/2025basic/texmf-dist/tex/context/base/mkii/supp-pdf.mkii
[Loading MPS to PDF converter (version 2006.09.02).]
)
(/usr/local/texlive/2025basic/texmf-dist/tex/latex/epstopdf-pkg/epstopdf-base.s
ty
(/usr/local/texlive/2025basic/texmf-dist/tex/latex/latexconfig/epstopdf-sys.cfg
)) (./dark-matter-galaxy-rotation.out) (./dark-matter-galaxy-rotation.out)
(/usr/local/texlive/2025basic/texmf-dist/tex/latex/amsfonts/umsa.fd)
(/usr/local/texlive/2025basic/texmf-dist/tex/latex/amsfonts/umsb.fd)
Overfull \hbox (7.25693pt too wide) in paragraph at lines 31--32
[]\OT1/cmr/m/n/10.95 Using a fully re-pro-ducible Python pipeline on the 127-ga
laxy SPARC

[1{/usr/local/texlive/2025basic/texmf-var/fonts/map/pdftex/updmap/pdftex.map}]
Overfull \hbox (4.64798pt too wide) in paragraph at lines 50--51
\OT1/cmr/m/n/12 where $\OML/cmm/m/it/12 w\OT1/cmr/m/n/12 (\OML/cmm/m/it/12 r\OT
1/cmr/m/n/12 )$ is a di-men-sion-less weight func-tion en-cod-ing information-p
rocessing

[2]
Overfull \hbox (1.1766pt too wide) in paragraph at lines 64--65
[]\OT1/cmr/m/n/12 Most im-por-tantly, ILG is de-signed as a fal-si-fi-able phe-
nomeno-log-i-cal frame-

Overfull \hbox (22.61972pt too wide) in paragraph at lines 72--72
[]\OT1/cmr/bx/n/17.28 Phenomenological Information-Limited Grav-

[3]
Overfull \hbox (0.97127pt too wide) in paragraph at lines 104--105
[]\OT1/cmr/m/n/12 The re-fresh lag $^^A\OML/cmm/m/it/12 t[]$ \OT1/cmr/m/n/12 tr
ans-lates to the recog-ni-tion weight $\OML/cmm/m/it/12 w\OT1/cmr/m/n/12 (\OML/
cmm/m/it/12 r\OT1/cmr/m/n/12 ) \OMS/cmsy/m/n/12 / \OT1/cmr/m/n/12 (\OML/cmm/m/i
t/12 T[]=^^\[]\OT1/cmr/m/n/12 )[]$,

[4]
Overfull \hbox (12.01408pt too wide) in paragraph at lines 108--109
\OT1/cmr/m/n/12 func-tion $\OML/cmm/m/it/12 w\OT1/cmr/m/n/12 (\OML/cmm/m/it/12 
r\OT1/cmr/m/n/12 )$, which mod-i-fies the ef-fec-tive grav-i-ta-tional ac-cel-e
r-a-tion as $\OML/cmm/m/it/12 a[]\OT1/cmr/m/n/12 (\OML/cmm/m/it/12 r\OT1/cmr/m/
n/12 ) =

Overfull \hbox (0.4729pt too wide) in paragraph at lines 131--132
[]\OT1/cmr/bx/n/12 Vertical cor-rec-tion $\OML/cmm/m/it/12 ^^P\OT1/cmr/m/n/12 (
\OML/cmm/m/it/12 r\OT1/cmr/m/n/12 )$: Global disk-thickness cor-rec-tion with $
\OML/cmm/m/it/12 h[]=R[] \OT1/cmr/m/n/12 =

Overfull \hbox (156.73672pt too wide) in paragraph at lines 137--154
 [][] 

LaTeX Warning: `h' float specifier changed to `ht'.


[5]
Overfull \hbox (18.66446pt too wide) in paragraph at lines 176--186
 [][] 

LaTeX Warning: `h' float specifier changed to `ht'.


[6]
[7]

LaTeX Warning: Reference `tab:filesizes' on page 8 undefined on input line 222.



Overfull \hbox (56.76062pt too wide) in paragraph at lines 228--239
 [][] 

[8]
Overfull \hbox (54.06789pt too wide) in paragraph at lines 277--278
[]\OT1/cmr/m/n/12 The \OT1/cmtt/m/n/12 build[]sparc[]master[]table.py \OT1/cmr/
m/n/12 script loads ro-ta-tion curve files (\OT1/cmtt/m/n/12 *.rotmod.dat\OT1/c
mr/m/n/12 )

Overfull \hbox (23.13985pt too wide) in paragraph at lines 293--294
[]\OT1/cmr/m/n/12 Reproducibility is en-sured through pinned de-pen-den-cies (\
OT1/cmtt/m/n/12 requirements.txt\OT1/cmr/m/n/12 ),

Overfull \hbox (43.38515pt too wide) in paragraph at lines 301--302
[]\OT1/cmtt/m/n/12 scripts/ilg[]pure[]solver.py\OT1/cmr/m/n/12 : runs the ILG v
ari-ants and writes summary/per-

[9]
Overfull \hbox (99.38876pt too wide) in paragraph at lines 303--304
[]\OT1/cmr/m/n/12 Key out-puts: \OT1/cmtt/m/n/12 results/bench[]global[]summary
.csv\OT1/cmr/m/n/12 , \OT1/cmtt/m/n/12 results/bench[]rs[]per[]galaxy.csv\OT1/c
mr/m/n/12 ,

Underfull \hbox (badness 10000) in paragraph at lines 321--321
[]\OT1/cmr/m/n/12 Table 6: []Global-only bench-mark (no per-galaxy tun-ing).

Underfull \hbox (badness 6641) in paragraph at lines 321--321
\OT1/cmr/m/n/12 Shared con-straints: sin-gle global stel-lar M/L=1.0; iden-ti-c
al er-

Underfull \hbox (badness 10000) in paragraph at lines 321--321
\OT1/cmr/m/n/12 ror model and beam mask; same SPARC mas-ter ta-ble and

Underfull \hbox (badness 4416) in paragraph at lines 321--321
\OT1/cmr/m/n/12 masks. Val-ues cor-re-spond to \OT1/cmtt/m/n/12 results/bench[]
global[]summary.csv\OT1/cmr/m/n/12 .

Underfull \hbox (badness 10000) in paragraph at lines 321--321
\OT1/cmr/m/n/12 Per-galaxy rows: \OT1/cmtt/m/n/12 results/bench[]rs[]per[]galax
y.csv\OT1/cmr/m/n/12 ,

LaTeX Warning: `h' float specifier changed to `ht'.


Overfull \hbox (4.66817pt too wide) in paragraph at lines 335--336
[]\OT1/cmr/m/n/12 Example ro-ta-tion curves (DDO154, NGC3198, For-nax) demon-st
rate agree-

[10]
Overfull \hbox (7.79001pt too wide) in paragraph at lines 352--356
[]\OT1/cmr/m/n/12 Second, we con-firm code pu-rity through ded-i-cated tests in
 \OT1/cmtt/m/n/12 test[]purity.py\OT1/cmr/m/n/12 .

Overfull \hbox (5.47578pt too wide) in paragraph at lines 361--361
[]\OT1/cmr/bx/n/17.28 Outlook: Rel-a-tivis-tic Com-ple-tion (Prospec-

[11]
Overfull \hbox (24.37903pt too wide) in paragraph at lines 369--370
\OT1/cmr/m/n/12 The re-sults pre-sented in Sec-tion 4 pro-vide com-pelling ev-i
-dence for the information-

LaTeX Warning: `h' float specifier changed to `ht'.


[12]
[13]
[14]

Package hyperref Warning: Token not allowed in a PDF string (Unicode):
(hyperref)                removing `math shift' on input line 436.


Package hyperref Warning: Token not allowed in a PDF string (Unicode):
(hyperref)                removing `math shift' on input line 436.


[15]
[16]
[17]
[18]
[19]
[20]
[21]
[22]
[23]
[24]
Underfull \hbox (badness 2020) in paragraph at lines 692--693
[]\OT1/cmr/m/n/12 McGaugh, S. S. 2020, \OT1/cmr/m/it/12 Galax-ies\OT1/cmr/m/n/1
2 , 8, 35. The Ra-dial Ac-cel-er-a-

[25]
[26] (./dark-matter-galaxy-rotation.aux)

LaTeX Warning: There were undefined references.


LaTeX Warning: Label(s) may have changed. Rerun to get cross-references right.

 )
(see the transcript file for additional information) </Users/jonathanwashburn/L
ibrary/texlive/2025basic/texmf-var/fonts/pk/ljfour/jknappen/ec/tcrm1200.600pk><
/usr/local/texlive/2025basic/texmf-dist/fonts/type1/public/amsfonts/cm/cmbx10.p
fb></usr/local/texlive/2025basic/texmf-dist/fonts/type1/public/amsfonts/cm/cmbx
12.pfb></usr/local/texlive/2025basic/texmf-dist/fonts/type1/public/amsfonts/cm/
cmex10.pfb></usr/local/texlive/2025basic/texmf-dist/fonts/type1/public/amsfonts
/cm/cmmi10.pfb></usr/local/texlive/2025basic/texmf-dist/fonts/type1/public/amsf
onts/cm/cmmi12.pfb></usr/local/texlive/2025basic/texmf-dist/fonts/type1/public/
amsfonts/cm/cmmi6.pfb></usr/local/texlive/2025basic/texmf-dist/fonts/type1/publ
ic/amsfonts/cm/cmmi8.pfb></usr/local/texlive/2025basic/texmf-dist/fonts/type1/p
ublic/amsfonts/cm/cmr10.pfb></usr/local/texlive/2025basic/texmf-dist/fonts/type
1/public/amsfonts/cm/cmr12.pfb></usr/local/texlive/2025basic/texmf-dist/fonts/t
ype1/public/amsfonts/cm/cmr17.pfb></usr/local/texlive/2025basic/texmf-dist/font
s/type1/public/amsfonts/cm/cmr6.pfb></usr/local/texlive/2025basic/texmf-dist/fo
nts/type1/public/amsfonts/cm/cmr8.pfb></usr/local/texlive/2025basic/texmf-dist/
fonts/type1/public/amsfonts/cm/cmsy10.pfb></usr/local/texlive/2025basic/texmf-d
ist/fonts/type1/public/amsfonts/cm/cmsy8.pfb></usr/local/texlive/2025basic/texm
f-dist/fonts/type1/public/amsfonts/cm/cmti10.pfb></usr/local/texlive/2025basic/
texmf-dist/fonts/type1/public/amsfonts/cm/cmti12.pfb></usr/local/texlive/2025ba
sic/texmf-dist/fonts/type1/public/amsfonts/cm/cmtt12.pfb>
Output written on dark-matter-galaxy-rotation.pdf (26 pages, 300981 bytes).
Transcript written on dark-matter-galaxy-rotation.log.
This is pdfTeX, Version 3.141592653-2.6-1.40.27 (TeX Live 2025) (preloaded format=pdflatex)
 restricted \write18 enabled.
entering extended mode
(./dark-matter-galaxy-rotation.tex
LaTeX2e <2024-11-01> patch level 2
L3 programming layer <2025-01-18>
(/usr/local/texlive/2025basic/texmf-dist/tex/latex/base/article.cls
Document Class: article 2024/06/29 v1.4n Standard LaTeX document class
(/usr/local/texlive/2025basic/texmf-dist/tex/latex/base/size12.clo))
(/usr/local/texlive/2025basic/texmf-dist/tex/latex/base/inputenc.sty)
(/usr/local/texlive/2025basic/texmf-dist/tex/latex/amsmath/amsmath.sty
For additional information on amsmath, use the `?' option.
(/usr/local/texlive/2025basic/texmf-dist/tex/latex/amsmath/amstext.sty
(/usr/local/texlive/2025basic/texmf-dist/tex/latex/amsmath/amsgen.sty))
(/usr/local/texlive/2025basic/texmf-dist/tex/latex/amsmath/amsbsy.sty)
(/usr/local/texlive/2025basic/texmf-dist/tex/latex/amsmath/amsopn.sty))
(/usr/local/texlive/2025basic/texmf-dist/tex/latex/amsfonts/amsfonts.sty)
(/usr/local/texlive/2025basic/texmf-dist/tex/latex/amsfonts/amssymb.sty)
(/usr/local/texlive/2025basic/texmf-dist/tex/latex/graphics/graphicx.sty
(/usr/local/texlive/2025basic/texmf-dist/tex/latex/graphics/keyval.sty)
(/usr/local/texlive/2025basic/texmf-dist/tex/latex/graphics/graphics.sty
(/usr/local/texlive/2025basic/texmf-dist/tex/latex/graphics/trig.sty)
(/usr/local/texlive/2025basic/texmf-dist/tex/latex/graphics-cfg/graphics.cfg)
(/usr/local/texlive/2025basic/texmf-dist/tex/latex/graphics-def/pdftex.def)))
(/usr/local/texlive/2025basic/texmf-dist/tex/latex/hyperref/hyperref.sty
(/usr/local/texlive/2025basic/texmf-dist/tex/generic/iftex/iftex.sty)
(/usr/local/texlive/2025basic/texmf-dist/tex/latex/kvsetkeys/kvsetkeys.sty)
(/usr/local/texlive/2025basic/texmf-dist/tex/generic/kvdefinekeys/kvdefinekeys.
sty)
(/usr/local/texlive/2025basic/texmf-dist/tex/generic/pdfescape/pdfescape.sty
(/usr/local/texlive/2025basic/texmf-dist/tex/generic/ltxcmds/ltxcmds.sty)
(/usr/local/texlive/2025basic/texmf-dist/tex/generic/pdftexcmds/pdftexcmds.sty
(/usr/local/texlive/2025basic/texmf-dist/tex/generic/infwarerr/infwarerr.sty)))
 (/usr/local/texlive/2025basic/texmf-dist/tex/latex/hycolor/hycolor.sty)
(/usr/local/texlive/2025basic/texmf-dist/tex/latex/hyperref/nameref.sty
(/usr/local/texlive/2025basic/texmf-dist/tex/latex/refcount/refcount.sty)
(/usr/local/texlive/2025basic/texmf-dist/tex/generic/gettitlestring/gettitlestr
ing.sty
(/usr/local/texlive/2025basic/texmf-dist/tex/latex/kvoptions/kvoptions.sty)))
(/usr/local/texlive/2025basic/texmf-dist/tex/latex/etoolbox/etoolbox.sty)
(/usr/local/texlive/2025basic/texmf-dist/tex/generic/stringenc/stringenc.sty)
(/usr/local/texlive/2025basic/texmf-dist/tex/latex/hyperref/pd1enc.def)
(/usr/local/texlive/2025basic/texmf-dist/tex/generic/intcalc/intcalc.sty)
(/usr/local/texlive/2025basic/texmf-dist/tex/latex/hyperref/puenc.def)
(/usr/local/texlive/2025basic/texmf-dist/tex/latex/url/url.sty)
(/usr/local/texlive/2025basic/texmf-dist/tex/generic/bitset/bitset.sty
(/usr/local/texlive/2025basic/texmf-dist/tex/generic/bigintcalc/bigintcalc.sty)
) (/usr/local/texlive/2025basic/texmf-dist/tex/latex/base/atbegshi-ltx.sty))
(/usr/local/texlive/2025basic/texmf-dist/tex/latex/hyperref/hpdftex.def
(/usr/local/texlive/2025basic/texmf-dist/tex/latex/base/atveryend-ltx.sty)
(/usr/local/texlive/2025basic/texmf-dist/tex/latex/rerunfilecheck/rerunfilechec
k.sty
(/usr/local/texlive/2025basic/texmf-dist/tex/generic/uniquecounter/uniquecounte
r.sty)))
(/usr/local/texlive/2025basic/texmf-dist/tex/latex/booktabs/booktabs.sty)
(/usr/local/texlive/2025basic/texmf-dist/tex/latex/natbib/natbib.sty)
(/usr/local/texlive/2025basic/texmf-dist/tex/latex/listings/listings.sty
(/usr/local/texlive/2025basic/texmf-dist/tex/latex/listings/lstpatch.sty)
(/usr/local/texlive/2025basic/texmf-dist/tex/latex/listings/lstmisc.sty)
(/usr/local/texlive/2025basic/texmf-dist/tex/latex/listings/listings.cfg))
(/usr/local/texlive/2025basic/texmf-dist/tex/latex/tools/verbatim.sty)
(/usr/local/texlive/2025basic/texmf-dist/tex/latex/l3backend/l3backend-pdftex.d
ef) (./dark-matter-galaxy-rotation.aux)
(/usr/local/texlive/2025basic/texmf-dist/tex/context/base/mkii/supp-pdf.mkii
[Loading MPS to PDF converter (version 2006.09.02).]
)
(/usr/local/texlive/2025basic/texmf-dist/tex/latex/epstopdf-pkg/epstopdf-base.s
ty
(/usr/local/texlive/2025basic/texmf-dist/tex/latex/latexconfig/epstopdf-sys.cfg
)) (./dark-matter-galaxy-rotation.out) (./dark-matter-galaxy-rotation.out)
(/usr/local/texlive/2025basic/texmf-dist/tex/latex/amsfonts/umsa.fd)
(/usr/local/texlive/2025basic/texmf-dist/tex/latex/amsfonts/umsb.fd)
Overfull \hbox (7.25693pt too wide) in paragraph at lines 31--32
[]\OT1/cmr/m/n/10.95 Using a fully re-pro-ducible Python pipeline on the 127-ga
laxy SPARC

[1{/usr/local/texlive/2025basic/texmf-var/fonts/map/pdftex/updmap/pdftex.map}]
Overfull \hbox (4.64798pt too wide) in paragraph at lines 50--51
\OT1/cmr/m/n/12 where $\OML/cmm/m/it/12 w\OT1/cmr/m/n/12 (\OML/cmm/m/it/12 r\OT
1/cmr/m/n/12 )$ is a di-men-sion-less weight func-tion en-cod-ing information-p
rocessing

[2]
Overfull \hbox (1.1766pt too wide) in paragraph at lines 64--65
[]\OT1/cmr/m/n/12 Most im-por-tantly, ILG is de-signed as a fal-si-fi-able phe-
nomeno-log-i-cal frame-

Overfull \hbox (22.61972pt too wide) in paragraph at lines 72--72
[]\OT1/cmr/bx/n/17.28 Phenomenological Information-Limited Grav-

[3]
Overfull \hbox (0.97127pt too wide) in paragraph at lines 104--105
[]\OT1/cmr/m/n/12 The re-fresh lag $^^A\OML/cmm/m/it/12 t[]$ \OT1/cmr/m/n/12 tr
ans-lates to the recog-ni-tion weight $\OML/cmm/m/it/12 w\OT1/cmr/m/n/12 (\OML/
cmm/m/it/12 r\OT1/cmr/m/n/12 ) \OMS/cmsy/m/n/12 / \OT1/cmr/m/n/12 (\OML/cmm/m/i
t/12 T[]=^^\[]\OT1/cmr/m/n/12 )[]$,

[4]
Overfull \hbox (12.01408pt too wide) in paragraph at lines 108--109
\OT1/cmr/m/n/12 func-tion $\OML/cmm/m/it/12 w\OT1/cmr/m/n/12 (\OML/cmm/m/it/12 
r\OT1/cmr/m/n/12 )$, which mod-i-fies the ef-fec-tive grav-i-ta-tional ac-cel-e
r-a-tion as $\OML/cmm/m/it/12 a[]\OT1/cmr/m/n/12 (\OML/cmm/m/it/12 r\OT1/cmr/m/
n/12 ) =

Overfull \hbox (0.4729pt too wide) in paragraph at lines 131--132
[]\OT1/cmr/bx/n/12 Vertical cor-rec-tion $\OML/cmm/m/it/12 ^^P\OT1/cmr/m/n/12 (
\OML/cmm/m/it/12 r\OT1/cmr/m/n/12 )$: Global disk-thickness cor-rec-tion with $
\OML/cmm/m/it/12 h[]=R[] \OT1/cmr/m/n/12 =

Overfull \hbox (156.73672pt too wide) in paragraph at lines 137--154
 [][] 

LaTeX Warning: `h' float specifier changed to `ht'.


[5]
Overfull \hbox (18.66446pt too wide) in paragraph at lines 176--186
 [][] 

LaTeX Warning: `h' float specifier changed to `ht'.


[6]
[7]

LaTeX Warning: Reference `tab:filesizes' on page 8 undefined on input line 222.



Overfull \hbox (56.76062pt too wide) in paragraph at lines 228--239
 [][] 

[8]
Overfull \hbox (54.06789pt too wide) in paragraph at lines 277--278
[]\OT1/cmr/m/n/12 The \OT1/cmtt/m/n/12 build[]sparc[]master[]table.py \OT1/cmr/
m/n/12 script loads ro-ta-tion curve files (\OT1/cmtt/m/n/12 *.rotmod.dat\OT1/c
mr/m/n/12 )

Overfull \hbox (23.13985pt too wide) in paragraph at lines 293--294
[]\OT1/cmr/m/n/12 Reproducibility is en-sured through pinned de-pen-den-cies (\
OT1/cmtt/m/n/12 requirements.txt\OT1/cmr/m/n/12 ),

Overfull \hbox (43.38515pt too wide) in paragraph at lines 301--302
[]\OT1/cmtt/m/n/12 scripts/ilg[]pure[]solver.py\OT1/cmr/m/n/12 : runs the ILG v
ari-ants and writes summary/per-

[9]
Overfull \hbox (99.38876pt too wide) in paragraph at lines 303--304
[]\OT1/cmr/m/n/12 Key out-puts: \OT1/cmtt/m/n/12 results/bench[]global[]summary
.csv\OT1/cmr/m/n/12 , \OT1/cmtt/m/n/12 results/bench[]rs[]per[]galaxy.csv\OT1/c
mr/m/n/12 ,

Underfull \hbox (badness 10000) in paragraph at lines 321--321
[]\OT1/cmr/m/n/12 Table 6: []Global-only bench-mark (no per-galaxy tun-ing).

Underfull \hbox (badness 6641) in paragraph at lines 321--321
\OT1/cmr/m/n/12 Shared con-straints: sin-gle global stel-lar M/L=1.0; iden-ti-c
al er-

Underfull \hbox (badness 10000) in paragraph at lines 321--321
\OT1/cmr/m/n/12 ror model and beam mask; same SPARC mas-ter ta-ble and

Underfull \hbox (badness 4416) in paragraph at lines 321--321
\OT1/cmr/m/n/12 masks. Val-ues cor-re-spond to \OT1/cmtt/m/n/12 results/bench[]
global[]summary.csv\OT1/cmr/m/n/12 .

Underfull \hbox (badness 10000) in paragraph at lines 321--321
\OT1/cmr/m/n/12 Per-galaxy rows: \OT1/cmtt/m/n/12 results/bench[]rs[]per[]galax
y.csv\OT1/cmr/m/n/12 ,

LaTeX Warning: `h' float specifier changed to `ht'.


Overfull \hbox (4.66817pt too wide) in paragraph at lines 335--336
[]\OT1/cmr/m/n/12 Example ro-ta-tion curves (DDO154, NGC3198, For-nax) demon-st
rate agree-

[10]
Overfull \hbox (7.79001pt too wide) in paragraph at lines 352--356
[]\OT1/cmr/m/n/12 Second, we con-firm code pu-rity through ded-i-cated tests in
 \OT1/cmtt/m/n/12 test[]purity.py\OT1/cmr/m/n/12 .

Overfull \hbox (5.47578pt too wide) in paragraph at lines 361--361
[]\OT1/cmr/bx/n/17.28 Outlook: Rel-a-tivis-tic Com-ple-tion (Prospec-

[11]
Overfull \hbox (24.37903pt too wide) in paragraph at lines 369--370
\OT1/cmr/m/n/12 The re-sults pre-sented in Sec-tion 4 pro-vide com-pelling ev-i
-dence for the information-

LaTeX Warning: `h' float specifier changed to `ht'.


[12]
[13]
[14]

Package hyperref Warning: Token not allowed in a PDF string (Unicode):
(hyperref)                removing `math shift' on input line 436.


Package hyperref Warning: Token not allowed in a PDF string (Unicode):
(hyperref)                removing `math shift' on input line 436.


[15]
[16]
[17]
[18]
[19]
[20]
[21]
[22]
[23]
[24]
Underfull \hbox (badness 2020) in paragraph at lines 692--693
[]\OT1/cmr/m/n/12 McGaugh, S. S. 2020, \OT1/cmr/m/it/12 Galax-ies\OT1/cmr/m/n/1
2 , 8, 35. The Ra-dial Ac-cel-er-a-

[25]
[26] (./dark-matter-galaxy-rotation.aux)

LaTeX Warning: There were undefined references.

 )
(see the transcript file for additional information) </Users/jonathanwashburn/L
ibrary/texlive/2025basic/texmf-var/fonts/pk/ljfour/jknappen/ec/tcrm1200.600pk><
/usr/local/texlive/2025basic/texmf-dist/fonts/type1/public/amsfonts/cm/cmbx10.p
fb></usr/local/texlive/2025basic/texmf-dist/fonts/type1/public/amsfonts/cm/cmbx
12.pfb></usr/local/texlive/2025basic/texmf-dist/fonts/type1/public/amsfonts/cm/
cmex10.pfb></usr/local/texlive/2025basic/texmf-dist/fonts/type1/public/amsfonts
/cm/cmmi10.pfb></usr/local/texlive/2025basic/texmf-dist/fonts/type1/public/amsf
onts/cm/cmmi12.pfb></usr/local/texlive/2025basic/texmf-dist/fonts/type1/public/
amsfonts/cm/cmmi6.pfb></usr/local/texlive/2025basic/texmf-dist/fonts/type1/publ
ic/amsfonts/cm/cmmi8.pfb></usr/local/texlive/2025basic/texmf-dist/fonts/type1/p
ublic/amsfonts/cm/cmr10.pfb></usr/local/texlive/2025basic/texmf-dist/fonts/type
1/public/amsfonts/cm/cmr12.pfb></usr/local/texlive/2025basic/texmf-dist/fonts/t
ype1/public/amsfonts/cm/cmr17.pfb></usr/local/texlive/2025basic/texmf-dist/font
s/type1/public/amsfonts/cm/cmr6.pfb></usr/local/texlive/2025basic/texmf-dist/fo
nts/type1/public/amsfonts/cm/cmr8.pfb></usr/local/texlive/2025basic/texmf-dist/
fonts/type1/public/amsfonts/cm/cmsy10.pfb></usr/local/texlive/2025basic/texmf-d
ist/fonts/type1/public/amsfonts/cm/cmsy8.pfb></usr/local/texlive/2025basic/texm
f-dist/fonts/type1/public/amsfonts/cm/cmti10.pfb></usr/local/texlive/2025basic/
texmf-dist/fonts/type1/public/amsfonts/cm/cmti12.pfb></usr/local/texlive/2025ba
sic/texmf-dist/fonts/type1/public/amsfonts/cm/cmtt12.pfb>
Output written on dark-matter-galaxy-rotation.pdf (26 pages, 300981 bytes).
Transcript written on dark-matter-galaxy-rotation.log.
